Flow report for g21_lab2
Wed Oct 11 11:57:02 2017
Quartus II 64-Bit Version 13.0.1 Build 232 06/12/2013 Service Pack 1 SJ Web Edition


---------------------
; Table of Contents ;
---------------------
  1. Legal Notice
  2. Flow Summary
  3. Flow Settings
  4. Flow Non-Default Global Settings
  5. Flow Elapsed Time
  6. Flow OS Summary
  7. Flow Log
  8. Flow Messages
  9. Flow Suppressed Messages



----------------
; Legal Notice ;
----------------
Copyright (C) 1991-2013 Altera Corporation
Your use of Altera Corporation's design tools, logic functions 
and other software and tools, and its AMPP partner logic 
functions, and any output files from any of the foregoing 
(including device programming or simulation files), and any 
associated documentation or information are expressly subject 
to the terms and conditions of the Altera Program License 
Subscription Agreement, Altera MegaCore Function License 
Agreement, or other applicable license agreement, including, 
without limitation, that your use is for the sole purpose of 
programming logic devices manufactured by Altera and sold by 
Altera or its authorized distributors.  Please refer to the 
applicable agreement for further details.



+--------------------------------------------------------------------------------------+
; Flow Summary                                                                         ;
+------------------------------------+-------------------------------------------------+
; Flow Status                        ; Successful - Wed Oct 11 11:57:02 2017           ;
; Quartus II 64-Bit Version          ; 13.0.1 Build 232 06/12/2013 SP 1 SJ Web Edition ;
; Revision Name                      ; g21_lab2                                        ;
; Top-level Entity Name              ; g21_lab2                                        ;
; Family                             ; Cyclone II                                      ;
; Total logic elements               ; 0 / 4,608 ( 0 % )                               ;
;     Total combinational functions  ; 0 / 4,608 ( 0 % )                               ;
;     Dedicated logic registers      ; 0 / 4,608 ( 0 % )                               ;
; Total registers                    ; 0                                               ;
; Total pins                         ; 59 / 89 ( 66 % )                                ;
; Total virtual pins                 ; 0                                               ;
; Total memory bits                  ; 3,328 / 119,808 ( 3 % )                         ;
; Embedded Multiplier 9-bit elements ; 0 / 26 ( 0 % )                                  ;
; Total PLLs                         ; 0 / 2 ( 0 % )                                   ;
; Device                             ; EP2C5T144C6                                     ;
; Timing Models                      ; Final                                           ;
+------------------------------------+-------------------------------------------------+


+-----------------------------------------+
; Flow Settings                           ;
+-------------------+---------------------+
; Option            ; Setting             ;
+-------------------+---------------------+
; Start date & time ; 10/11/2017 11:44:19 ;
; Main task         ; Compilation         ;
; Revision Name     ; g21_lab2            ;
+-------------------+---------------------+


+---------------------------------------------------------------------------------------------------------------------+
; Flow Non-Default Global Settings                                                                                    ;
+-------------------------------------+--------------------------------+---------------+-------------+----------------+
; Assignment Name                     ; Value                          ; Default Value ; Entity Name ; Section Id     ;
+-------------------------------------+--------------------------------+---------------+-------------+----------------+
; COMPILER_SIGNATURE_ID               ; 58232430758473.150773665909632 ; --            ; --          ; --             ;
; EDA_GENERATE_FUNCTIONAL_NETLIST     ; On                             ; --            ; --          ; eda_simulation ;
; EDA_OUTPUT_DATA_FORMAT              ; Verilog Hdl                    ; --            ; --          ; eda_simulation ;
; EDA_SIMULATION_TOOL                 ; ModelSim-Altera (Verilog)      ; <None>        ; --          ; --             ;
; IP_TOOL_NAME                        ; LPM_ADD_SUB                    ; --            ; --          ; --             ;
; IP_TOOL_NAME                        ; ROM: 1-PORT                    ; --            ; --          ; --             ;
; IP_TOOL_VERSION                     ; 13.0                           ; --            ; --          ; --             ;
; IP_TOOL_VERSION                     ; 13.0                           ; --            ; --          ; --             ;
; MISC_FILE                           ; add_sub.bsf                    ; --            ; --          ; --             ;
; MISC_FILE                           ; add_sub.cmp                    ; --            ; --          ; --             ;
; MISC_FILE                           ; g21_lab2_rom1.cmp              ; --            ; --          ; --             ;
; PARTITION_COLOR                     ; 16764057                       ; --            ; --          ; Top            ;
; PARTITION_FITTER_PRESERVATION_LEVEL ; PLACEMENT_AND_ROUTING          ; --            ; --          ; Top            ;
; PARTITION_NETLIST_TYPE              ; SOURCE                         ; --            ; --          ; Top            ;
+-------------------------------------+--------------------------------+---------------+-------------+----------------+


+-------------------------------------------------------------------------------------------------------------------------------+
; Flow Elapsed Time                                                                                                             ;
+---------------------------+--------------+-------------------------+---------------------+------------------------------------+
; Module Name               ; Elapsed Time ; Average Processors Used ; Peak Virtual Memory ; Total CPU Time (on all processors) ;
+---------------------------+--------------+-------------------------+---------------------+------------------------------------+
; Analysis & Synthesis      ; 00:00:03     ; 1.0                     ; 545 MB              ; 00:00:01                           ;
; Fitter                    ; 00:00:03     ; 1.0                     ; 693 MB              ; 00:00:02                           ;
; Assembler                 ; 00:00:01     ; 1.0                     ; 436 MB              ; 00:00:01                           ;
; TimeQuest Timing Analyzer ; 00:00:03     ; 1.0                     ; 431 MB              ; 00:00:01                           ;
; EDA Netlist Writer        ; 00:00:00     ; 1.0                     ; 408 MB              ; 00:00:00                           ;
; EDA Netlist Writer        ; 00:00:00     ; 1.0                     ; 416 MB              ; 00:00:00                           ;
; EDA Netlist Writer        ; 00:00:01     ; 1.0                     ; 416 MB              ; 00:00:00                           ;
; EDA Netlist Writer        ; 00:00:01     ; 1.0                     ; 416 MB              ; 00:00:00                           ;
; EDA Netlist Writer        ; 00:00:01     ; 1.0                     ; 416 MB              ; 00:00:01                           ;
; EDA Netlist Writer        ; 00:00:01     ; 1.0                     ; 416 MB              ; 00:00:00                           ;
; EDA Netlist Writer        ; 00:00:00     ; 1.0                     ; 416 MB              ; 00:00:00                           ;
; EDA Netlist Writer        ; 00:00:01     ; 1.0                     ; 416 MB              ; 00:00:00                           ;
; EDA Netlist Writer        ; 00:00:01     ; 1.0                     ; 416 MB              ; 00:00:00                           ;
; EDA Netlist Writer        ; 00:00:00     ; 1.0                     ; 416 MB              ; 00:00:00                           ;
; EDA Netlist Writer        ; 00:00:01     ; 1.0                     ; 416 MB              ; 00:00:00                           ;
; EDA Netlist Writer        ; 00:00:01     ; 1.0                     ; 416 MB              ; 00:00:00                           ;
; EDA Netlist Writer        ; 00:00:00     ; 1.0                     ; 416 MB              ; 00:00:01                           ;
; EDA Netlist Writer        ; 00:00:00     ; 1.0                     ; 416 MB              ; 00:00:00                           ;
; EDA Netlist Writer        ; 00:00:00     ; 1.0                     ; 416 MB              ; 00:00:01                           ;
; EDA Netlist Writer        ; 00:00:00     ; 1.0                     ; 416 MB              ; 00:00:00                           ;
; EDA Netlist Writer        ; 00:00:00     ; 1.0                     ; 416 MB              ; 00:00:00                           ;
; EDA Netlist Writer        ; 00:00:00     ; 1.0                     ; 416 MB              ; 00:00:00                           ;
; EDA Netlist Writer        ; 00:00:01     ; 1.0                     ; 416 MB              ; 00:00:01                           ;
; EDA Netlist Writer        ; 00:00:00     ; 1.0                     ; 416 MB              ; 00:00:00                           ;
; EDA Netlist Writer        ; 00:00:00     ; 1.0                     ; 416 MB              ; 00:00:01                           ;
; Total                     ; 00:00:19     ; --                      ; --                  ; 00:00:10                           ;
+---------------------------+--------------+-------------------------+---------------------+------------------------------------+


+----------------------------------------------------------------------------------------+
; Flow OS Summary                                                                        ;
+---------------------------+------------------+-----------+------------+----------------+
; Module Name               ; Machine Hostname ; OS Name   ; OS Version ; Processor type ;
+---------------------------+------------------+-----------+------------+----------------+
; Analysis & Synthesis      ; LAPTOP-5DDC22IG  ; Windows 7 ; 6.2        ; x86_64         ;
; Fitter                    ; LAPTOP-5DDC22IG  ; Windows 7 ; 6.2        ; x86_64         ;
; Assembler                 ; LAPTOP-5DDC22IG  ; Windows 7 ; 6.2        ; x86_64         ;
; TimeQuest Timing Analyzer ; LAPTOP-5DDC22IG  ; Windows 7 ; 6.2        ; x86_64         ;
; EDA Netlist Writer        ; LAPTOP-5DDC22IG  ; Windows 7 ; 6.2        ; x86_64         ;
; EDA Netlist Writer        ; LAPTOP-5DDC22IG  ; Windows 7 ; 6.2        ; x86_64         ;
; EDA Netlist Writer        ; LAPTOP-5DDC22IG  ; Windows 7 ; 6.2        ; x86_64         ;
; EDA Netlist Writer        ; LAPTOP-5DDC22IG  ; Windows 7 ; 6.2        ; x86_64         ;
; EDA Netlist Writer        ; LAPTOP-5DDC22IG  ; Windows 7 ; 6.2        ; x86_64         ;
; EDA Netlist Writer        ; LAPTOP-5DDC22IG  ; Windows 7 ; 6.2        ; x86_64         ;
; EDA Netlist Writer        ; LAPTOP-5DDC22IG  ; Windows 7 ; 6.2        ; x86_64         ;
; EDA Netlist Writer        ; LAPTOP-5DDC22IG  ; Windows 7 ; 6.2        ; x86_64         ;
; EDA Netlist Writer        ; LAPTOP-5DDC22IG  ; Windows 7 ; 6.2        ; x86_64         ;
; EDA Netlist Writer        ; LAPTOP-5DDC22IG  ; Windows 7 ; 6.2        ; x86_64         ;
; EDA Netlist Writer        ; LAPTOP-5DDC22IG  ; Windows 7 ; 6.2        ; x86_64         ;
; EDA Netlist Writer        ; LAPTOP-5DDC22IG  ; Windows 7 ; 6.2        ; x86_64         ;
; EDA Netlist Writer        ; LAPTOP-5DDC22IG  ; Windows 7 ; 6.2        ; x86_64         ;
; EDA Netlist Writer        ; LAPTOP-5DDC22IG  ; Windows 7 ; 6.2        ; x86_64         ;
; EDA Netlist Writer        ; LAPTOP-5DDC22IG  ; Windows 7 ; 6.2        ; x86_64         ;
; EDA Netlist Writer        ; LAPTOP-5DDC22IG  ; Windows 7 ; 6.2        ; x86_64         ;
; EDA Netlist Writer        ; LAPTOP-5DDC22IG  ; Windows 7 ; 6.2        ; x86_64         ;
; EDA Netlist Writer        ; LAPTOP-5DDC22IG  ; Windows 7 ; 6.2        ; x86_64         ;
; EDA Netlist Writer        ; LAPTOP-5DDC22IG  ; Windows 7 ; 6.2        ; x86_64         ;
; EDA Netlist Writer        ; LAPTOP-5DDC22IG  ; Windows 7 ; 6.2        ; x86_64         ;
; EDA Netlist Writer        ; LAPTOP-5DDC22IG  ; Windows 7 ; 6.2        ; x86_64         ;
+---------------------------+------------------+-----------+------------+----------------+


------------
; Flow Log ;
------------
quartus_map --read_settings_files=on --write_settings_files=off g21_lab2 -c g21_lab2
quartus_fit --read_settings_files=off --write_settings_files=off g21_lab2 -c g21_lab2
quartus_asm --read_settings_files=off --write_settings_files=off g21_lab2 -c g21_lab2
quartus_sta g21_lab2 -c g21_lab2
quartus_eda --read_settings_files=off --write_settings_files=off g21_lab2 -c g21_lab2
quartus_eda --gen_testbench --check_outputs=on --tool=modelsim_oem --format=verilog g21_lab2 -c g21_lab2 --vector_source="C:/Users/kevin/Desktop/McGill Work/F2017/ECSE 323/DSD/Lab 2/g21_pop_enable.vwf" --testbench_file=./simulation/qsim/g21_lab2.vt
quartus_eda --functional=on --simulation=on --tool=modelsim_oem --format=verilog g21_lab2 -c g21_lab2
quartus_eda --gen_testbench --check_outputs=on --tool=modelsim_oem --format=verilog g21_lab2 -c g21_lab2 --vector_source="C:/Users/kevin/Desktop/McGill Work/F2017/ECSE 323/DSD/Lab 2/g21_pop_enable.vwf" --testbench_file=./simulation/qsim/g21_lab2.vt
quartus_eda --functional=on --simulation=on --tool=modelsim_oem --format=verilog g21_lab2 -c g21_lab2
quartus_eda --gen_testbench --check_outputs=on --tool=modelsim_oem --format=verilog g21_lab2 -c g21_lab2 --vector_source="C:/Users/kevin/Desktop/McGill Work/F2017/ECSE 323/DSD/Lab 2/g21_pop_enable.vwf" --testbench_file=./simulation/qsim/g21_lab2.vt
quartus_eda --functional=on --simulation=on --tool=modelsim_oem --format=verilog g21_lab2 -c g21_lab2
quartus_eda --gen_testbench --check_outputs=on --tool=modelsim_oem --format=verilog g21_lab2 -c g21_lab2 --vector_source="C:/Users/kevin/Desktop/McGill Work/F2017/ECSE 323/DSD/Lab 2/g21_pop_enable.vwf" --testbench_file=./simulation/qsim/g21_lab2.vt
quartus_eda --functional=on --simulation=on --tool=modelsim_oem --format=verilog g21_lab2 -c g21_lab2
quartus_eda --gen_testbench --check_outputs=on --tool=modelsim_oem --format=verilog g21_lab2 -c g21_lab2 --vector_source="C:/Users/kevin/Desktop/McGill Work/F2017/ECSE 323/DSD/Lab 2/g21_pop_enable.vwf" --testbench_file=./simulation/qsim/g21_lab2.vt
quartus_eda --functional=on --simulation=on --tool=modelsim_oem --format=verilog g21_lab2 -c g21_lab2
quartus_eda --gen_testbench --check_outputs=on --tool=modelsim_oem --format=verilog g21_lab2 -c g21_lab2 --vector_source="C:/Users/kevin/Desktop/McGill Work/F2017/ECSE 323/DSD/Lab 2/g21_pop_enable.vwf" --testbench_file=./simulation/qsim/g21_lab2.vt
quartus_eda --functional=on --simulation=on --tool=modelsim_oem --format=verilog g21_lab2 -c g21_lab2
quartus_eda --gen_testbench --check_outputs=on --tool=modelsim_oem --format=verilog g21_lab2 -c g21_lab2 --vector_source="C:/Users/kevin/Desktop/McGill Work/F2017/ECSE 323/DSD/Lab 2/g21_pop_enable.vwf" --testbench_file=./simulation/qsim/g21_lab2.vt
quartus_eda --functional=on --simulation=on --tool=modelsim_oem --format=verilog g21_lab2 -c g21_lab2
quartus_eda --gen_testbench --check_outputs=on --tool=modelsim_oem --format=verilog g21_lab2 -c g21_lab2 --vector_source="C:/Users/kevin/Desktop/McGill Work/F2017/ECSE 323/DSD/Lab 2/g21_pop_enable.vwf" --testbench_file=./simulation/qsim/g21_lab2.vt
quartus_eda --functional=on --simulation=on --tool=modelsim_oem --format=verilog g21_lab2 -c g21_lab2
quartus_eda --gen_testbench --check_outputs=on --tool=modelsim_oem --format=verilog g21_lab2 -c g21_lab2 --vector_source="C:/Users/kevin/Desktop/McGill Work/F2017/ECSE 323/DSD/Lab 2/g21_pop_enable.vwf" --testbench_file=./simulation/qsim/g21_lab2.vt
quartus_eda --functional=on --simulation=on --tool=modelsim_oem --format=verilog g21_lab2 -c g21_lab2
quartus_eda --gen_testbench --check_outputs=on --tool=modelsim_oem --format=verilog g21_lab2 -c g21_lab2 --vector_source="C:/Users/kevin/Desktop/McGill Work/F2017/ECSE 323/DSD/Lab 2/g21_pop_enable.vwf" --testbench_file=./simulation/qsim/g21_lab2.vt
quartus_eda --functional=on --simulation=on --tool=modelsim_oem --format=verilog g21_lab2 -c g21_lab2



