Flow report for g21_lab3
Tue Oct 24 14:48:17 2017
Quartus II 64-Bit Version 13.0.1 Build 232 06/12/2013 Service Pack 1 SJ Web Edition


---------------------
; Table of Contents ;
---------------------
  1. Legal Notice
  2. Flow Summary
  3. Flow Settings
  4. Flow Non-Default Global Settings
  5. Flow Elapsed Time
  6. Flow OS Summary
  7. Flow Log
  8. Flow Messages
  9. Flow Suppressed Messages



----------------
; Legal Notice ;
----------------
Copyright (C) 1991-2013 Altera Corporation
Your use of Altera Corporation's design tools, logic functions 
and other software and tools, and its AMPP partner logic 
functions, and any output files from any of the foregoing 
(including device programming or simulation files), and any 
associated documentation or information are expressly subject 
to the terms and conditions of the Altera Program License 
Subscription Agreement, Altera MegaCore Function License 
Agreement, or other applicable license agreement, including, 
without limitation, that your use is for the sole purpose of 
programming logic devices manufactured by Altera and sold by 
Altera or its authorized distributors.  Please refer to the 
applicable agreement for further details.



+--------------------------------------------------------------------------------------+
; Flow Summary                                                                         ;
+------------------------------------+-------------------------------------------------+
; Flow Status                        ; Successful - Tue Oct 24 14:48:14 2017           ;
; Quartus II 64-Bit Version          ; 13.0.1 Build 232 06/12/2013 SP 1 SJ Web Edition ;
; Revision Name                      ; g21_lab3                                        ;
; Top-level Entity Name              ; g21_stack52                                     ;
; Family                             ; Cyclone II                                      ;
; Device                             ; EP2C20F484C7                                    ;
; Timing Models                      ; Final                                           ;
; Total logic elements               ; 0 / 18,752 ( 0 % )                              ;
;     Total combinational functions  ; 0 / 18,752 ( 0 % )                              ;
;     Dedicated logic registers      ; 0 / 18,752 ( 0 % )                              ;
; Total registers                    ; 0                                               ;
; Total pins                         ; 23 / 315 ( 7 % )                                ;
; Total virtual pins                 ; 0                                               ;
; Total memory bits                  ; 0 / 239,616 ( 0 % )                             ;
; Embedded Multiplier 9-bit elements ; 0 / 52 ( 0 % )                                  ;
; Total PLLs                         ; 0 / 4 ( 0 % )                                   ;
+------------------------------------+-------------------------------------------------+


+-----------------------------------------+
; Flow Settings                           ;
+-------------------+---------------------+
; Option            ; Setting             ;
+-------------------+---------------------+
; Start date & time ; 10/24/2017 14:47:58 ;
; Main task         ; Compilation         ;
; Revision Name     ; g21_lab3            ;
+-------------------+---------------------+


+-----------------------------------------------------------------------------------------------------------------+
; Flow Non-Default Global Settings                                                                                ;
+-------------------------------------+--------------------------------+---------------+-------------+------------+
; Assignment Name                     ; Value                          ; Default Value ; Entity Name ; Section Id ;
+-------------------------------------+--------------------------------+---------------+-------------+------------+
; COMPILER_SIGNATURE_ID               ; 58232430758473.150887087808328 ; --            ; --          ; --         ;
; IP_TOOL_NAME                        ; ROM: 1-PORT                    ; --            ; --          ; --         ;
; IP_TOOL_NAME                        ; LPM_MUX                        ; --            ; --          ; --         ;
; IP_TOOL_VERSION                     ; 13.0                           ; --            ; --          ; --         ;
; IP_TOOL_VERSION                     ; 13.0                           ; --            ; --          ; --         ;
; MAX_CORE_JUNCTION_TEMP              ; 85                             ; --            ; --          ; --         ;
; MIN_CORE_JUNCTION_TEMP              ; 0                              ; --            ; --          ; --         ;
; MISC_FILE                           ; g21_lab2_rom1.cmp              ; --            ; --          ; --         ;
; MISC_FILE                           ; lpm_mux0.bsf                   ; --            ; --          ; --         ;
; MISC_FILE                           ; lpm_mux0.cmp                   ; --            ; --          ; --         ;
; PARTITION_COLOR                     ; 16764057                       ; --            ; g21_stack52 ; Top        ;
; PARTITION_FITTER_PRESERVATION_LEVEL ; PLACEMENT_AND_ROUTING          ; --            ; g21_stack52 ; Top        ;
; PARTITION_NETLIST_TYPE              ; SOURCE                         ; --            ; g21_stack52 ; Top        ;
; PROJECT_OUTPUT_DIRECTORY            ; output_files                   ; --            ; --          ; --         ;
; TOP_LEVEL_ENTITY                    ; g21_stack52                    ; g21_lab3      ; --          ; --         ;
+-------------------------------------+--------------------------------+---------------+-------------+------------+


+-------------------------------------------------------------------------------------------------------------------------------+
; Flow Elapsed Time                                                                                                             ;
+---------------------------+--------------+-------------------------+---------------------+------------------------------------+
; Module Name               ; Elapsed Time ; Average Processors Used ; Peak Virtual Memory ; Total CPU Time (on all processors) ;
+---------------------------+--------------+-------------------------+---------------------+------------------------------------+
; Analysis & Synthesis      ; 00:00:05     ; 1.0                     ; 565 MB              ; 00:00:04                           ;
; Fitter                    ; 00:00:06     ; 1.0                     ; 741 MB              ; 00:00:05                           ;
; Assembler                 ; 00:00:03     ; 1.0                     ; 445 MB              ; 00:00:02                           ;
; TimeQuest Timing Analyzer ; 00:00:02     ; 1.0                     ; 438 MB              ; 00:00:01                           ;
; Total                     ; 00:00:16     ; --                      ; --                  ; 00:00:12                           ;
+---------------------------+--------------+-------------------------+---------------------+------------------------------------+


+----------------------------------------------------------------------------------------+
; Flow OS Summary                                                                        ;
+---------------------------+------------------+-----------+------------+----------------+
; Module Name               ; Machine Hostname ; OS Name   ; OS Version ; Processor type ;
+---------------------------+------------------+-----------+------------+----------------+
; Analysis & Synthesis      ; LAPTOP-5DDC22IG  ; Windows 7 ; 6.2        ; x86_64         ;
; Fitter                    ; LAPTOP-5DDC22IG  ; Windows 7 ; 6.2        ; x86_64         ;
; Assembler                 ; LAPTOP-5DDC22IG  ; Windows 7 ; 6.2        ; x86_64         ;
; TimeQuest Timing Analyzer ; LAPTOP-5DDC22IG  ; Windows 7 ; 6.2        ; x86_64         ;
+---------------------------+------------------+-----------+------------+----------------+


------------
; Flow Log ;
------------
quartus_map --read_settings_files=on --write_settings_files=off g21_lab3 -c g21_lab3
quartus_fit --read_settings_files=off --write_settings_files=off g21_lab3 -c g21_lab3
quartus_asm --read_settings_files=off --write_settings_files=off g21_lab3 -c g21_lab3
quartus_sta g21_lab3 -c g21_lab3



