Analysis & Synthesis report for g21_lab3
Mon Oct 23 08:13:16 2017
Quartus II 64-Bit Version 13.0.1 Build 232 06/12/2013 Service Pack 1 SJ Web Edition


---------------------
; Table of Contents ;
---------------------
  1. Legal Notice
  2. Analysis & Synthesis Summary
  3. Analysis & Synthesis Settings
  4. Parallel Compilation
  5. Analysis & Synthesis Messages



----------------
; Legal Notice ;
----------------
Copyright (C) 1991-2013 Altera Corporation
Your use of Altera Corporation's design tools, logic functions 
and other software and tools, and its AMPP partner logic 
functions, and any output files from any of the foregoing 
(including device programming or simulation files), and any 
associated documentation or information are expressly subject 
to the terms and conditions of the Altera Program License 
Subscription Agreement, Altera MegaCore Function License 
Agreement, or other applicable license agreement, including, 
without limitation, that your use is for the sole purpose of 
programming logic devices manufactured by Altera and sold by 
Altera or its authorized distributors.  Please refer to the 
applicable agreement for further details.



+--------------------------------------------------------------------------------------+
; Analysis & Synthesis Summary                                                         ;
+------------------------------------+-------------------------------------------------+
; Analysis & Synthesis Status        ; Failed - Mon Oct 23 08:13:16 2017               ;
; Quartus II 64-Bit Version          ; 13.0.1 Build 232 06/12/2013 SP 1 SJ Web Edition ;
; Revision Name                      ; g21_lab3                                        ;
; Top-level Entity Name              ; g21_stack52                                     ;
; Family                             ; Cyclone II                                      ;
; Total logic elements               ; N/A until Partition Merge                       ;
;     Total combinational functions  ; N/A until Partition Merge                       ;
;     Dedicated logic registers      ; N/A until Partition Merge                       ;
; Total registers                    ; N/A until Partition Merge                       ;
; Total pins                         ; N/A until Partition Merge                       ;
; Total virtual pins                 ; N/A until Partition Merge                       ;
; Total memory bits                  ; N/A until Partition Merge                       ;
; Embedded Multiplier 9-bit elements ; N/A until Partition Merge                       ;
; Total PLLs                         ; N/A until Partition Merge                       ;
+------------------------------------+-------------------------------------------------+


+----------------------------------------------------------------------------------------------------------------------+
; Analysis & Synthesis Settings                                                                                        ;
+----------------------------------------------------------------------------+--------------------+--------------------+
; Option                                                                     ; Setting            ; Default Value      ;
+----------------------------------------------------------------------------+--------------------+--------------------+
; Device                                                                     ; EP2C20F484C7       ;                    ;
; Top-level entity name                                                      ; g21_stack52        ; g21_lab3           ;
; Family name                                                                ; Cyclone II         ; Cyclone IV GX      ;
; Use smart compilation                                                      ; Off                ; Off                ;
; Enable parallel Assembler and TimeQuest Timing Analyzer during compilation ; On                 ; On                 ;
; Enable compact report table                                                ; Off                ; Off                ;
; Restructure Multiplexers                                                   ; Auto               ; Auto               ;
; Create Debugging Nodes for IP Cores                                        ; Off                ; Off                ;
; Preserve fewer node names                                                  ; On                 ; On                 ;
; Disable OpenCore Plus hardware evaluation                                  ; Off                ; Off                ;
; Verilog Version                                                            ; Verilog_2001       ; Verilog_2001       ;
; VHDL Version                                                               ; VHDL_1993          ; VHDL_1993          ;
; State Machine Processing                                                   ; Auto               ; Auto               ;
; Safe State Machine                                                         ; Off                ; Off                ;
; Extract Verilog State Machines                                             ; On                 ; On                 ;
; Extract VHDL State Machines                                                ; On                 ; On                 ;
; Ignore Verilog initial constructs                                          ; Off                ; Off                ;
; Iteration limit for constant Verilog loops                                 ; 5000               ; 5000               ;
; Iteration limit for non-constant Verilog loops                             ; 250                ; 250                ;
; Add Pass-Through Logic to Inferred RAMs                                    ; On                 ; On                 ;
; Infer RAMs from Raw Logic                                                  ; On                 ; On                 ;
; Parallel Synthesis                                                         ; On                 ; On                 ;
; DSP Block Balancing                                                        ; Auto               ; Auto               ;
; NOT Gate Push-Back                                                         ; On                 ; On                 ;
; Power-Up Don't Care                                                        ; On                 ; On                 ;
; Remove Redundant Logic Cells                                               ; Off                ; Off                ;
; Remove Duplicate Registers                                                 ; On                 ; On                 ;
; Ignore CARRY Buffers                                                       ; Off                ; Off                ;
; Ignore CASCADE Buffers                                                     ; Off                ; Off                ;
; Ignore GLOBAL Buffers                                                      ; Off                ; Off                ;
; Ignore ROW GLOBAL Buffers                                                  ; Off                ; Off                ;
; Ignore LCELL Buffers                                                       ; Off                ; Off                ;
; Ignore SOFT Buffers                                                        ; On                 ; On                 ;
; Limit AHDL Integers to 32 Bits                                             ; Off                ; Off                ;
; Optimization Technique                                                     ; Balanced           ; Balanced           ;
; Carry Chain Length                                                         ; 70                 ; 70                 ;
; Auto Carry Chains                                                          ; On                 ; On                 ;
; Auto Open-Drain Pins                                                       ; On                 ; On                 ;
; Perform WYSIWYG Primitive Resynthesis                                      ; Off                ; Off                ;
; Auto ROM Replacement                                                       ; On                 ; On                 ;
; Auto RAM Replacement                                                       ; On                 ; On                 ;
; Auto Shift Register Replacement                                            ; Auto               ; Auto               ;
; Allow Shift Register Merging across Hierarchies                            ; Auto               ; Auto               ;
; Auto Clock Enable Replacement                                              ; On                 ; On                 ;
; Strict RAM Replacement                                                     ; Off                ; Off                ;
; Allow Synchronous Control Signals                                          ; On                 ; On                 ;
; Force Use of Synchronous Clear Signals                                     ; Off                ; Off                ;
; Auto RAM to Logic Cell Conversion                                          ; Off                ; Off                ;
; Auto Resource Sharing                                                      ; Off                ; Off                ;
; Allow Any RAM Size For Recognition                                         ; Off                ; Off                ;
; Allow Any ROM Size For Recognition                                         ; Off                ; Off                ;
; Allow Any Shift Register Size For Recognition                              ; Off                ; Off                ;
; Use LogicLock Constraints during Resource Balancing                        ; On                 ; On                 ;
; Ignore translate_off and synthesis_off directives                          ; Off                ; Off                ;
; Timing-Driven Synthesis                                                    ; Off                ; Off                ;
; Report Parameter Settings                                                  ; On                 ; On                 ;
; Report Source Assignments                                                  ; On                 ; On                 ;
; Report Connectivity Checks                                                 ; On                 ; On                 ;
; Ignore Maximum Fan-Out Assignments                                         ; Off                ; Off                ;
; Synchronization Register Chain Length                                      ; 2                  ; 2                  ;
; PowerPlay Power Optimization                                               ; Normal compilation ; Normal compilation ;
; HDL message level                                                          ; Level2             ; Level2             ;
; Suppress Register Optimization Related Messages                            ; Off                ; Off                ;
; Number of Removed Registers Reported in Synthesis Report                   ; 5000               ; 5000               ;
; Number of Swept Nodes Reported in Synthesis Report                         ; 5000               ; 5000               ;
; Number of Inverted Registers Reported in Synthesis Report                  ; 100                ; 100                ;
; Clock MUX Protection                                                       ; On                 ; On                 ;
; Auto Gated Clock Conversion                                                ; Off                ; Off                ;
; Block Design Naming                                                        ; Auto               ; Auto               ;
; SDC constraint protection                                                  ; Off                ; Off                ;
; Synthesis Effort                                                           ; Auto               ; Auto               ;
; Shift Register Replacement - Allow Asynchronous Clear Signal               ; On                 ; On                 ;
; Pre-Mapping Resynthesis Optimization                                       ; Off                ; Off                ;
; Analysis & Synthesis Message Level                                         ; Medium             ; Medium             ;
; Disable Register Merging Across Hierarchies                                ; Auto               ; Auto               ;
; Resource Aware Inference For Block RAM                                     ; On                 ; On                 ;
; Synthesis Seed                                                             ; 1                  ; 1                  ;
+----------------------------------------------------------------------------+--------------------+--------------------+


Parallel compilation was disabled, but you have multiple processors available. Enable parallel compilation to reduce compilation time.
+-------------------------------------+
; Parallel Compilation                ;
+----------------------------+--------+
; Processors                 ; Number ;
+----------------------------+--------+
; Number detected on machine ; 8      ;
; Maximum allowed            ; 1      ;
+----------------------------+--------+


+-------------------------------+
; Analysis & Synthesis Messages ;
+-------------------------------+
Info: *******************************************************************
Info: Running Quartus II 64-Bit Analysis & Synthesis
    Info: Version 13.0.1 Build 232 06/12/2013 Service Pack 1 SJ Web Edition
    Info: Processing started: Mon Oct 23 08:13:14 2017
Info: Command: quartus_map --read_settings_files=on --write_settings_files=off g21_lab3 -c g21_lab3
Warning (20028): Parallel compilation is not licensed and has been disabled
Info (12021): Found 1 design units, including 1 entities, in source file g21_stack52.bdf
    Info (12023): Found entity 1: g21_stack52
Info (12021): Found 2 design units, including 1 entities, in source file g21_pop_enable.vhd
    Info (12022): Found design unit 1: g21_pop_enable-g21_pop_enable_arch
    Info (12023): Found entity 1: g21_pop_enable
Info (12127): Elaborating entity "g21_stack52" for the top level hierarchy
Warning (275085): Found inconsistent dimensions for element "ENABLE"
Warning (275085): Found inconsistent dimensions for element "RST"
Warning (275085): Found inconsistent dimensions for element "CLK"
Warning (275080): Converted elements in bus name "CLK" using legacy naming rules. Make any assignments on the new names, not on the original names.
    Warning (275081): Converted element name(s) from "CLK[0]" to "CLK0"
    Warning (275081): Converted element name(s) from "CLK[0]" to "CLK0"
Warning (275080): Converted elements in bus name "ENABLE" using legacy naming rules. Make any assignments on the new names, not on the original names.
    Warning (275081): Converted element name(s) from "ENABLE[0]" to "ENABLE0"
    Warning (275081): Converted element name(s) from "ENABLE[0]" to "ENABLE0"
    Warning (275081): Converted element name(s) from "ENABLE[0]" to "ENABLE0"
    Warning (275081): Converted element name(s) from "ENABLE[0]" to "ENABLE0"
    Warning (275081): Converted element name(s) from "ENABLE[0]" to "ENABLE0"
    Warning (275081): Converted element name(s) from "ENABLE[0]" to "ENABLE0"
    Warning (275081): Converted element name(s) from "ENABLE[0]" to "ENABLE0"
    Warning (275081): Converted element name(s) from "ENABLE[0]" to "ENABLE0"
    Warning (275081): Converted element name(s) from "ENABLE[0]" to "ENABLE0"
    Warning (275081): Converted element name(s) from "ENABLE[0]" to "ENABLE0"
    Warning (275081): Converted element name(s) from "ENABLE[0]" to "ENABLE0"
    Warning (275081): Converted element name(s) from "ENABLE[0]" to "ENABLE0"
    Warning (275081): Converted element name(s) from "ENABLE[0]" to "ENABLE0"
    Warning (275081): Converted element name(s) from "ENABLE[0]" to "ENABLE0"
    Warning (275081): Converted element name(s) from "ENABLE[0]" to "ENABLE0"
    Warning (275081): Converted element name(s) from "ENABLE[0]" to "ENABLE0"
    Warning (275081): Converted element name(s) from "ENABLE[0]" to "ENABLE0"
    Warning (275081): Converted element name(s) from "ENABLE[0]" to "ENABLE0"
    Warning (275081): Converted element name(s) from "ENABLE[0]" to "ENABLE0"
    Warning (275081): Converted element name(s) from "ENABLE[0]" to "ENABLE0"
    Warning (275081): Converted element name(s) from "ENABLE[0]" to "ENABLE0"
    Warning (275081): Converted element name(s) from "ENABLE[0]" to "ENABLE0"
    Warning (275081): Converted element name(s) from "ENABLE[0]" to "ENABLE0"
    Warning (275081): Converted element name(s) from "ENABLE[0]" to "ENABLE0"
    Warning (275081): Converted element name(s) from "ENABLE[0]" to "ENABLE0"
    Warning (275081): Converted element name(s) from "ENABLE[0]" to "ENABLE0"
    Warning (275081): Converted element name(s) from "ENABLE[0]" to "ENABLE0"
    Warning (275081): Converted element name(s) from "ENABLE[0]" to "ENABLE0"
    Warning (275081): Converted element name(s) from "ENABLE[0]" to "ENABLE0"
    Warning (275081): Converted element name(s) from "ENABLE[0]" to "ENABLE0"
    Warning (275081): Converted element name(s) from "ENABLE[0]" to "ENABLE0"
    Warning (275081): Converted element name(s) from "ENABLE[0]" to "ENABLE0"
    Warning (275081): Converted element name(s) from "ENABLE[0]" to "ENABLE0"
    Warning (275081): Converted element name(s) from "ENABLE[0]" to "ENABLE0"
    Warning (275081): Converted element name(s) from "ENABLE[0]" to "ENABLE0"
    Warning (275081): Converted element name(s) from "ENABLE[0]" to "ENABLE0"
    Warning (275081): Converted element name(s) from "ENABLE[0]" to "ENABLE0"
    Warning (275081): Converted element name(s) from "ENABLE[0]" to "ENABLE0"
    Warning (275081): Converted element name(s) from "ENABLE[0]" to "ENABLE0"
    Warning (275081): Converted element name(s) from "ENABLE[0]" to "ENABLE0"
    Warning (275081): Converted element name(s) from "ENABLE[0]" to "ENABLE0"
    Warning (275081): Converted element name(s) from "ENABLE[0]" to "ENABLE0"
    Warning (275081): Converted element name(s) from "ENABLE[0]" to "ENABLE0"
    Warning (275081): Converted element name(s) from "ENABLE[0]" to "ENABLE0"
    Warning (275081): Converted element name(s) from "ENABLE[0]" to "ENABLE0"
    Warning (275081): Converted element name(s) from "ENABLE[0]" to "ENABLE0"
    Warning (275081): Converted element name(s) from "ENABLE[0]" to "ENABLE0"
    Warning (275081): Converted element name(s) from "ENABLE[0]" to "ENABLE0"
    Warning (275081): Converted element name(s) from "ENABLE[0]" to "ENABLE0"
    Warning (275081): Converted element name(s) from "ENABLE[0]" to "ENABLE0"
    Warning (275081): Converted element name(s) from "ENABLE[0]" to "ENABLE0"
    Warning (275081): Converted element name(s) from "ENABLE[0]" to "ENABLE0"
    Warning (275081): Converted element name(s) from "ENABLE[0]" to "ENABLE0"
    Warning (275081): Converted element name(s) from "ENABLE[0]" to "ENABLE0"
Warning (275080): Converted elements in bus name "RST" using legacy naming rules. Make any assignments on the new names, not on the original names.
    Warning (275081): Converted element name(s) from "RST[0]" to "RST0"
Error (275058): Signal "ADDR[5..0]" drives an input pin
Error (12153): Can't elaborate top-level user hierarchy
Error: Quartus II 64-Bit Analysis & Synthesis was unsuccessful. 2 errors, 64 warnings
    Error: Peak virtual memory: 524 megabytes
    Error: Processing ended: Mon Oct 23 08:13:17 2017
    Error: Elapsed time: 00:00:03
    Error: Total CPU time (on all processors): 00:00:02


