TimeQuest Timing Analyzer report for g21_lab1
Tue Sep 26 10:07:05 2017
Quartus II 64-Bit Version 13.0.1 Build 232 06/12/2013 Service Pack 1 SJ Web Edition


---------------------
; Table of Contents ;
---------------------
  1. Legal Notice
  2. TimeQuest Timing Analyzer Summary
  3. Parallel Compilation
  4. Clocks
  5. Slow Model Fmax Summary
  6. Slow Model Setup Summary
  7. Slow Model Hold Summary
  8. Slow Model Recovery Summary
  9. Slow Model Removal Summary
 10. Slow Model Minimum Pulse Width Summary
 11. Propagation Delay
 12. Minimum Propagation Delay
 13. Fast Model Setup Summary
 14. Fast Model Hold Summary
 15. Fast Model Recovery Summary
 16. Fast Model Removal Summary
 17. Fast Model Minimum Pulse Width Summary
 18. Propagation Delay
 19. Minimum Propagation Delay
 20. Multicorner Timing Analysis Summary
 21. Progagation Delay
 22. Minimum Progagation Delay
 23. Clock Transfers
 24. Report TCCS
 25. Report RSKM
 26. Unconstrained Paths
 27. TimeQuest Timing Analyzer Messages



----------------
; Legal Notice ;
----------------
Copyright (C) 1991-2013 Altera Corporation
Your use of Altera Corporation's design tools, logic functions 
and other software and tools, and its AMPP partner logic 
functions, and any output files from any of the foregoing 
(including device programming or simulation files), and any 
associated documentation or information are expressly subject 
to the terms and conditions of the Altera Program License 
Subscription Agreement, Altera MegaCore Function License 
Agreement, or other applicable license agreement, including, 
without limitation, that your use is for the sole purpose of 
programming logic devices manufactured by Altera and sold by 
Altera or its authorized distributors.  Please refer to the 
applicable agreement for further details.



+----------------------------------------------------------------------------------------+
; TimeQuest Timing Analyzer Summary                                                      ;
+--------------------+-------------------------------------------------------------------+
; Quartus II Version ; Version 13.0.1 Build 232 06/12/2013 Service Pack 1 SJ Web Edition ;
; Revision Name      ; g21_lab1                                                          ;
; Device Family      ; Cyclone II                                                        ;
; Device Name        ; EP2C5T144C6                                                       ;
; Timing Models      ; Final                                                             ;
; Delay Model        ; Combined                                                          ;
; Rise/Fall Delays   ; Unavailable                                                       ;
+--------------------+-------------------------------------------------------------------+


Parallel compilation was disabled, but you have multiple processors available. Enable parallel compilation to reduce compilation time.
+-------------------------------------+
; Parallel Compilation                ;
+----------------------------+--------+
; Processors                 ; Number ;
+----------------------------+--------+
; Number detected on machine ; 8      ;
; Maximum allowed            ; 1      ;
+----------------------------+--------+


----------
; Clocks ;
----------
No clocks to report.


---------------------------
; Slow Model Fmax Summary ;
---------------------------
No paths to report.


----------------------------
; Slow Model Setup Summary ;
----------------------------
No paths to report.


---------------------------
; Slow Model Hold Summary ;
---------------------------
No paths to report.


-------------------------------
; Slow Model Recovery Summary ;
-------------------------------
No paths to report.


------------------------------
; Slow Model Removal Summary ;
------------------------------
No paths to report.


------------------------------------------
; Slow Model Minimum Pulse Width Summary ;
------------------------------------------
No paths to report.


+--------------------------------------------------------------+
; Propagation Delay                                            ;
+------------+-------------+--------+--------+--------+--------+
; Input Port ; Output Port ; RR     ; RF     ; FR     ; FF     ;
+------------+-------------+--------+--------+--------+--------+
; A[0]       ; AeqB        ; 11.371 ; 11.371 ; 11.371 ; 11.371 ;
; A[1]       ; AeqB        ; 11.265 ; 11.265 ; 11.265 ; 11.265 ;
; A[2]       ; AeqB        ; 11.180 ; 11.180 ; 11.180 ; 11.180 ;
; A[3]       ; AeqB        ; 10.930 ; 10.930 ; 10.930 ; 10.930 ;
; A[4]       ; AeqB        ; 11.036 ; 11.036 ; 11.036 ; 11.036 ;
; A[5]       ; AeqB        ; 10.664 ; 10.664 ; 10.664 ; 10.664 ;
; A[6]       ; AeqB        ; 11.316 ; 11.316 ; 11.316 ; 11.316 ;
; Ain[0]     ; Amod13[0]   ; 13.091 ; 13.091 ; 13.091 ; 13.091 ;
; Ain[0]     ; Amod13[1]   ; 12.176 ; 12.176 ; 12.176 ; 12.176 ;
; Ain[0]     ; Amod13[2]   ; 13.244 ; 13.244 ; 13.244 ; 13.244 ;
; Ain[0]     ; Amod13[3]   ; 14.327 ; 14.327 ; 14.327 ; 14.327 ;
; Ain[0]     ; Amod13[4]   ; 14.776 ; 14.776 ; 14.776 ; 14.776 ;
; Ain[0]     ; Amod13[5]   ; 15.223 ; 15.223 ; 15.223 ; 15.223 ;
; Ain[0]     ; Amod13[6]   ; 15.534 ; 15.534 ; 15.534 ; 15.534 ;
; Ain[1]     ; Amod13[0]   ; 12.660 ; 12.660 ; 12.660 ; 12.660 ;
; Ain[1]     ; Amod13[1]   ; 11.745 ; 11.745 ; 11.745 ; 11.745 ;
; Ain[1]     ; Amod13[2]   ; 12.813 ; 12.813 ; 12.813 ; 12.813 ;
; Ain[1]     ; Amod13[3]   ; 13.896 ; 13.896 ; 13.896 ; 13.896 ;
; Ain[1]     ; Amod13[4]   ; 14.345 ; 14.345 ; 14.345 ; 14.345 ;
; Ain[1]     ; Amod13[5]   ; 14.792 ; 14.792 ; 14.792 ; 14.792 ;
; Ain[1]     ; Amod13[6]   ; 15.103 ; 15.103 ; 15.103 ; 15.103 ;
; Ain[1]     ; Amod13[7]   ; 10.739 ;        ;        ; 10.739 ;
; Ain[2]     ; Amod13[0]   ; 12.830 ; 12.830 ; 12.830 ; 12.830 ;
; Ain[2]     ; Amod13[1]   ; 11.915 ; 11.915 ; 11.915 ; 11.915 ;
; Ain[2]     ; Amod13[2]   ; 12.983 ; 12.983 ; 12.983 ; 12.983 ;
; Ain[2]     ; Amod13[3]   ; 14.066 ; 14.066 ; 14.066 ; 14.066 ;
; Ain[2]     ; Amod13[4]   ; 14.515 ; 14.515 ; 14.515 ; 14.515 ;
; Ain[2]     ; Amod13[5]   ; 14.962 ; 14.962 ; 14.962 ; 14.962 ;
; Ain[2]     ; Amod13[6]   ; 15.273 ; 15.273 ; 15.273 ; 15.273 ;
; Ain[2]     ; Amod13[7]   ; 10.670 ;        ;        ; 10.670 ;
; Ain[3]     ; Amod13[0]   ; 12.982 ; 12.982 ; 12.982 ; 12.982 ;
; Ain[3]     ; Amod13[1]   ; 12.067 ; 12.067 ; 12.067 ; 12.067 ;
; Ain[3]     ; Amod13[2]   ; 13.135 ; 13.135 ; 13.135 ; 13.135 ;
; Ain[3]     ; Amod13[3]   ; 14.218 ; 14.218 ; 14.218 ; 14.218 ;
; Ain[3]     ; Amod13[4]   ; 14.667 ; 14.667 ; 14.667 ; 14.667 ;
; Ain[3]     ; Amod13[5]   ; 15.114 ; 15.114 ; 15.114 ; 15.114 ;
; Ain[3]     ; Amod13[6]   ; 15.425 ; 15.425 ; 15.425 ; 15.425 ;
; Ain[3]     ; Amod13[7]   ; 10.904 ;        ;        ; 10.904 ;
; Ain[4]     ; Amod13[0]   ; 11.645 ; 11.645 ; 11.645 ; 11.645 ;
; Ain[4]     ; Amod13[1]   ; 10.730 ; 10.730 ; 10.730 ; 10.730 ;
; Ain[4]     ; Amod13[2]   ; 11.798 ; 11.798 ; 11.798 ; 11.798 ;
; Ain[4]     ; Amod13[3]   ; 12.881 ; 12.881 ; 12.881 ; 12.881 ;
; Ain[4]     ; Amod13[4]   ; 13.330 ; 13.330 ; 13.330 ; 13.330 ;
; Ain[4]     ; Amod13[5]   ; 13.777 ; 13.777 ; 13.777 ; 13.777 ;
; Ain[4]     ; Amod13[6]   ; 14.088 ; 14.088 ; 14.088 ; 14.088 ;
; Ain[4]     ; Amod13[7]   ; 10.060 ;        ;        ; 10.060 ;
; Ain[5]     ; Amod13[0]   ; 7.132  ; 7.132  ; 7.132  ; 7.132  ;
; Ain[5]     ; Amod13[1]   ; 6.212  ; 6.212  ; 6.212  ; 6.212  ;
; Ain[5]     ; Amod13[2]   ; 7.805  ; 7.805  ; 7.805  ; 7.805  ;
; Ain[5]     ; Amod13[3]   ; 8.888  ; 8.888  ; 8.888  ; 8.888  ;
; Ain[5]     ; Amod13[4]   ; 9.337  ; 9.337  ; 9.337  ; 9.337  ;
; Ain[5]     ; Amod13[5]   ; 9.784  ; 9.784  ; 9.784  ; 9.784  ;
; Ain[5]     ; Amod13[6]   ; 10.095 ; 10.095 ; 10.095 ; 10.095 ;
; Ain[5]     ; Amod13[7]   ; 6.469  ;        ;        ; 6.469  ;
; B[0]       ; AeqB        ; 11.193 ; 11.193 ; 11.193 ; 11.193 ;
; B[1]       ; AeqB        ; 11.314 ; 11.314 ; 11.314 ; 11.314 ;
; B[2]       ; AeqB        ; 11.341 ; 11.341 ; 11.341 ; 11.341 ;
; B[3]       ; AeqB        ; 11.269 ; 11.269 ; 11.269 ; 11.269 ;
; B[4]       ; AeqB        ; 10.887 ; 10.887 ; 10.887 ; 10.887 ;
; B[5]       ; AeqB        ; 10.945 ; 10.945 ; 10.945 ; 10.945 ;
; B[6]       ; AeqB        ; 11.699 ; 11.699 ; 11.699 ; 11.699 ;
; in_1[0]    ; Cout        ; 14.255 ;        ;        ; 14.255 ;
; in_1[0]    ; out[0]      ; 9.433  ; 9.433  ; 9.433  ; 9.433  ;
; in_1[0]    ; out[1]      ; 9.324  ; 9.324  ; 9.324  ; 9.324  ;
; in_1[0]    ; out[2]      ; 10.120 ; 10.120 ; 10.120 ; 10.120 ;
; in_1[0]    ; out[3]      ; 10.837 ; 10.837 ; 10.837 ; 10.837 ;
; in_1[0]    ; out[4]      ; 13.799 ; 13.799 ; 13.799 ; 13.799 ;
; in_1[0]    ; out[5]      ; 14.541 ; 14.541 ; 14.541 ; 14.541 ;
; in_1[0]    ; out[6]      ; 13.941 ; 13.941 ; 13.941 ; 13.941 ;
; in_1[0]    ; out[7]      ; 15.712 ; 15.712 ; 15.712 ; 15.712 ;
; in_1[1]    ; Cout        ; 14.294 ;        ;        ; 14.294 ;
; in_1[1]    ; out[1]      ; 9.370  ; 9.370  ; 9.370  ; 9.370  ;
; in_1[1]    ; out[2]      ; 10.159 ; 10.159 ; 10.159 ; 10.159 ;
; in_1[1]    ; out[3]      ; 10.876 ; 10.876 ; 10.876 ; 10.876 ;
; in_1[1]    ; out[4]      ; 13.838 ; 13.838 ; 13.838 ; 13.838 ;
; in_1[1]    ; out[5]      ; 14.580 ; 14.580 ; 14.580 ; 14.580 ;
; in_1[1]    ; out[6]      ; 13.980 ; 13.980 ; 13.980 ; 13.980 ;
; in_1[1]    ; out[7]      ; 15.751 ; 15.751 ; 15.751 ; 15.751 ;
; in_1[2]    ; Cout        ; 13.438 ;        ;        ; 13.438 ;
; in_1[2]    ; out[2]      ; 9.303  ; 9.303  ; 9.303  ; 9.303  ;
; in_1[2]    ; out[3]      ; 10.020 ; 10.020 ; 10.020 ; 10.020 ;
; in_1[2]    ; out[4]      ; 12.982 ; 12.982 ; 12.982 ; 12.982 ;
; in_1[2]    ; out[5]      ; 13.724 ; 13.724 ; 13.724 ; 13.724 ;
; in_1[2]    ; out[6]      ; 13.124 ; 13.124 ; 13.124 ; 13.124 ;
; in_1[2]    ; out[7]      ; 14.895 ; 14.895 ; 14.895 ; 14.895 ;
; in_1[3]    ; Cout        ; 12.775 ;        ;        ; 12.775 ;
; in_1[3]    ; out[3]      ; 9.362  ; 9.362  ; 9.362  ; 9.362  ;
; in_1[3]    ; out[4]      ; 12.319 ; 12.319 ; 12.319 ; 12.319 ;
; in_1[3]    ; out[5]      ; 13.061 ; 13.061 ; 13.061 ; 13.061 ;
; in_1[3]    ; out[6]      ; 12.461 ; 12.461 ; 12.461 ; 12.461 ;
; in_1[3]    ; out[7]      ; 14.232 ; 14.232 ; 14.232 ; 14.232 ;
; in_1[4]    ; Cout        ; 11.116 ;        ;        ; 11.116 ;
; in_1[4]    ; out[4]      ; 10.689 ; 10.689 ; 10.689 ; 10.689 ;
; in_1[4]    ; out[5]      ; 11.402 ; 11.402 ; 11.402 ; 11.402 ;
; in_1[4]    ; out[6]      ; 10.802 ; 10.802 ; 10.802 ; 10.802 ;
; in_1[4]    ; out[7]      ; 12.573 ; 12.573 ; 12.573 ; 12.573 ;
; in_1[5]    ; Cout        ; 10.700 ;        ;        ; 10.700 ;
; in_1[5]    ; out[5]      ; 10.988 ; 10.988 ; 10.988 ; 10.988 ;
; in_1[5]    ; out[6]      ; 10.386 ; 10.386 ; 10.386 ; 10.386 ;
; in_1[5]    ; out[7]      ; 12.157 ; 12.157 ; 12.157 ; 12.157 ;
; in_1[6]    ; Cout        ; 10.062 ;        ;        ; 10.062 ;
; in_1[6]    ; out[6]      ; 9.773  ; 9.773  ; 9.773  ; 9.773  ;
; in_1[6]    ; out[7]      ; 11.519 ; 11.519 ; 11.519 ; 11.519 ;
; in_1[7]    ; Cout        ; 6.066  ;        ;        ; 6.066  ;
; in_1[7]    ; out[7]      ; 7.524  ; 7.524  ; 7.524  ; 7.524  ;
; in_2[0]    ; Cout        ; 14.147 ;        ;        ; 14.147 ;
; in_2[0]    ; out[0]      ; 9.596  ; 9.596  ; 9.596  ; 9.596  ;
; in_2[0]    ; out[1]      ; 9.214  ; 9.214  ; 9.214  ; 9.214  ;
; in_2[0]    ; out[2]      ; 10.012 ; 10.012 ; 10.012 ; 10.012 ;
; in_2[0]    ; out[3]      ; 10.729 ; 10.729 ; 10.729 ; 10.729 ;
; in_2[0]    ; out[4]      ; 13.691 ; 13.691 ; 13.691 ; 13.691 ;
; in_2[0]    ; out[5]      ; 14.433 ; 14.433 ; 14.433 ; 14.433 ;
; in_2[0]    ; out[6]      ; 13.833 ; 13.833 ; 13.833 ; 13.833 ;
; in_2[0]    ; out[7]      ; 15.604 ; 15.604 ; 15.604 ; 15.604 ;
; in_2[1]    ; Cout        ; 13.694 ;        ;        ; 13.694 ;
; in_2[1]    ; out[1]      ; 8.771  ; 8.771  ; 8.771  ; 8.771  ;
; in_2[1]    ; out[2]      ; 9.559  ; 9.559  ; 9.559  ; 9.559  ;
; in_2[1]    ; out[3]      ; 10.276 ; 10.276 ; 10.276 ; 10.276 ;
; in_2[1]    ; out[4]      ; 13.238 ; 13.238 ; 13.238 ; 13.238 ;
; in_2[1]    ; out[5]      ; 13.980 ; 13.980 ; 13.980 ; 13.980 ;
; in_2[1]    ; out[6]      ; 13.380 ; 13.380 ; 13.380 ; 13.380 ;
; in_2[1]    ; out[7]      ; 15.151 ; 15.151 ; 15.151 ; 15.151 ;
; in_2[2]    ; Cout        ; 13.285 ;        ;        ; 13.285 ;
; in_2[2]    ; out[2]      ; 9.151  ; 9.151  ; 9.151  ; 9.151  ;
; in_2[2]    ; out[3]      ; 9.867  ; 9.867  ; 9.867  ; 9.867  ;
; in_2[2]    ; out[4]      ; 12.829 ; 12.829 ; 12.829 ; 12.829 ;
; in_2[2]    ; out[5]      ; 13.571 ; 13.571 ; 13.571 ; 13.571 ;
; in_2[2]    ; out[6]      ; 12.971 ; 12.971 ; 12.971 ; 12.971 ;
; in_2[2]    ; out[7]      ; 14.742 ; 14.742 ; 14.742 ; 14.742 ;
; in_2[3]    ; Cout        ; 12.502 ;        ;        ; 12.502 ;
; in_2[3]    ; out[3]      ; 9.087  ; 9.087  ; 9.087  ; 9.087  ;
; in_2[3]    ; out[4]      ; 12.046 ; 12.046 ; 12.046 ; 12.046 ;
; in_2[3]    ; out[5]      ; 12.788 ; 12.788 ; 12.788 ; 12.788 ;
; in_2[3]    ; out[6]      ; 12.188 ; 12.188 ; 12.188 ; 12.188 ;
; in_2[3]    ; out[7]      ; 13.959 ; 13.959 ; 13.959 ; 13.959 ;
; in_2[4]    ; Cout        ; 10.996 ;        ;        ; 10.996 ;
; in_2[4]    ; out[4]      ; 10.548 ; 10.548 ; 10.548 ; 10.548 ;
; in_2[4]    ; out[5]      ; 11.282 ; 11.282 ; 11.282 ; 11.282 ;
; in_2[4]    ; out[6]      ; 10.682 ; 10.682 ; 10.682 ; 10.682 ;
; in_2[4]    ; out[7]      ; 12.453 ; 12.453 ; 12.453 ; 12.453 ;
; in_2[5]    ; Cout        ; 7.326  ;        ;        ; 7.326  ;
; in_2[5]    ; out[5]      ; 7.615  ; 7.615  ; 7.615  ; 7.615  ;
; in_2[5]    ; out[6]      ; 7.012  ; 7.012  ; 7.012  ; 7.012  ;
; in_2[5]    ; out[7]      ; 8.783  ; 8.783  ; 8.783  ; 8.783  ;
; in_2[6]    ; Cout        ; 10.070 ;        ;        ; 10.070 ;
; in_2[6]    ; out[6]      ; 9.760  ; 9.760  ; 9.760  ; 9.760  ;
; in_2[6]    ; out[7]      ; 11.527 ; 11.527 ; 11.527 ; 11.527 ;
; in_2[7]    ; Cout        ; 6.091  ;        ;        ; 6.091  ;
; in_2[7]    ; out[7]      ; 7.549  ; 7.549  ; 7.549  ; 7.549  ;
+------------+-------------+--------+--------+--------+--------+


+--------------------------------------------------------------+
; Minimum Propagation Delay                                    ;
+------------+-------------+--------+--------+--------+--------+
; Input Port ; Output Port ; RR     ; RF     ; FR     ; FF     ;
+------------+-------------+--------+--------+--------+--------+
; A[0]       ; AeqB        ; 11.371 ; 11.371 ; 11.371 ; 11.371 ;
; A[1]       ; AeqB        ; 11.265 ; 11.265 ; 11.265 ; 11.265 ;
; A[2]       ; AeqB        ; 11.180 ; 11.180 ; 11.180 ; 11.180 ;
; A[3]       ; AeqB        ; 10.930 ; 10.930 ; 10.930 ; 10.930 ;
; A[4]       ; AeqB        ; 11.036 ; 11.036 ; 11.036 ; 11.036 ;
; A[5]       ; AeqB        ; 10.664 ; 10.664 ; 10.664 ; 10.664 ;
; A[6]       ; AeqB        ; 11.316 ; 11.316 ; 11.316 ; 11.316 ;
; Ain[0]     ; Amod13[0]   ; 13.091 ; 13.091 ; 13.091 ; 13.091 ;
; Ain[0]     ; Amod13[1]   ; 12.176 ; 12.176 ; 12.176 ; 12.176 ;
; Ain[0]     ; Amod13[2]   ; 10.630 ; 10.630 ; 10.630 ; 10.630 ;
; Ain[0]     ; Amod13[3]   ; 10.693 ; 10.693 ; 10.693 ; 10.693 ;
; Ain[0]     ; Amod13[4]   ; 11.145 ; 11.145 ; 11.145 ; 11.145 ;
; Ain[0]     ; Amod13[5]   ; 11.592 ; 11.592 ; 11.592 ; 11.592 ;
; Ain[0]     ; Amod13[6]   ; 11.903 ; 11.903 ; 11.903 ; 11.903 ;
; Ain[1]     ; Amod13[0]   ; 12.660 ; 12.660 ; 12.660 ; 12.660 ;
; Ain[1]     ; Amod13[1]   ; 11.745 ; 11.745 ; 11.745 ; 11.745 ;
; Ain[1]     ; Amod13[2]   ; 12.813 ; 12.813 ; 12.813 ; 12.813 ;
; Ain[1]     ; Amod13[3]   ; 10.402 ; 10.402 ; 10.402 ; 10.402 ;
; Ain[1]     ; Amod13[4]   ; 10.855 ; 10.855 ; 10.855 ; 10.855 ;
; Ain[1]     ; Amod13[5]   ; 11.302 ; 11.302 ; 11.302 ; 11.302 ;
; Ain[1]     ; Amod13[6]   ; 11.613 ; 11.613 ; 11.613 ; 11.613 ;
; Ain[1]     ; Amod13[7]   ; 10.739 ;        ;        ; 10.739 ;
; Ain[2]     ; Amod13[0]   ; 11.860 ; 11.860 ; 11.860 ; 11.860 ;
; Ain[2]     ; Amod13[1]   ; 10.945 ; 10.945 ; 10.945 ; 10.945 ;
; Ain[2]     ; Amod13[2]   ; 12.013 ; 12.013 ; 12.013 ; 12.013 ;
; Ain[2]     ; Amod13[3]   ; 12.112 ; 12.112 ; 12.112 ; 12.112 ;
; Ain[2]     ; Amod13[4]   ; 10.479 ; 10.479 ; 10.479 ; 10.479 ;
; Ain[2]     ; Amod13[5]   ; 10.922 ; 10.922 ; 10.922 ; 10.922 ;
; Ain[2]     ; Amod13[6]   ; 11.233 ; 11.233 ; 11.233 ; 11.233 ;
; Ain[2]     ; Amod13[7]   ; 10.670 ;        ;        ; 10.670 ;
; Ain[3]     ; Amod13[0]   ; 11.564 ; 11.564 ; 11.564 ; 11.564 ;
; Ain[3]     ; Amod13[1]   ; 10.650 ; 10.650 ; 10.650 ; 10.650 ;
; Ain[3]     ; Amod13[2]   ; 12.225 ; 12.225 ; 12.225 ; 12.225 ;
; Ain[3]     ; Amod13[3]   ; 11.312 ; 11.312 ; 11.312 ; 11.312 ;
; Ain[3]     ; Amod13[4]   ; 11.671 ; 11.671 ; 11.671 ; 11.671 ;
; Ain[3]     ; Amod13[5]   ; 10.509 ; 10.509 ; 10.509 ; 10.509 ;
; Ain[3]     ; Amod13[6]   ; 10.820 ; 10.820 ; 10.820 ; 10.820 ;
; Ain[3]     ; Amod13[7]   ; 10.904 ;        ;        ; 10.904 ;
; Ain[4]     ; Amod13[0]   ; 10.722 ; 10.722 ; 10.722 ; 10.722 ;
; Ain[4]     ; Amod13[1]   ; 9.807  ; 9.807  ; 9.807  ; 9.807  ;
; Ain[4]     ; Amod13[2]   ; 10.222 ; 10.222 ; 10.222 ; 10.222 ;
; Ain[4]     ; Amod13[3]   ; 10.836 ; 10.836 ; 10.836 ; 10.836 ;
; Ain[4]     ; Amod13[4]   ; 11.162 ; 11.162 ; 11.162 ; 11.162 ;
; Ain[4]     ; Amod13[5]   ; 10.618 ; 10.618 ; 10.618 ; 10.618 ;
; Ain[4]     ; Amod13[6]   ; 9.850  ; 9.850  ; 9.850  ; 9.850  ;
; Ain[4]     ; Amod13[7]   ; 10.060 ;        ;        ; 10.060 ;
; Ain[5]     ; Amod13[0]   ; 7.132  ; 7.132  ; 7.132  ; 7.132  ;
; Ain[5]     ; Amod13[1]   ; 6.212  ; 6.212  ; 6.212  ; 6.212  ;
; Ain[5]     ; Amod13[2]   ; 6.472  ; 6.472  ; 6.472  ; 6.472  ;
; Ain[5]     ; Amod13[3]   ; 7.087  ; 7.087  ; 7.087  ; 7.087  ;
; Ain[5]     ; Amod13[4]   ; 7.420  ; 7.420  ; 7.420  ; 7.420  ;
; Ain[5]     ; Amod13[5]   ; 6.870  ; 6.870  ; 6.870  ; 6.870  ;
; Ain[5]     ; Amod13[6]   ; 6.671  ; 6.671  ; 6.671  ; 6.671  ;
; Ain[5]     ; Amod13[7]   ; 6.469  ;        ;        ; 6.469  ;
; B[0]       ; AeqB        ; 11.193 ; 11.193 ; 11.193 ; 11.193 ;
; B[1]       ; AeqB        ; 11.314 ; 11.314 ; 11.314 ; 11.314 ;
; B[2]       ; AeqB        ; 11.341 ; 11.341 ; 11.341 ; 11.341 ;
; B[3]       ; AeqB        ; 11.269 ; 11.269 ; 11.269 ; 11.269 ;
; B[4]       ; AeqB        ; 10.887 ; 10.887 ; 10.887 ; 10.887 ;
; B[5]       ; AeqB        ; 10.945 ; 10.945 ; 10.945 ; 10.945 ;
; B[6]       ; AeqB        ; 11.699 ; 11.699 ; 11.699 ; 11.699 ;
; in_1[0]    ; Cout        ; 14.255 ;        ;        ; 14.255 ;
; in_1[0]    ; out[0]      ; 9.433  ; 9.433  ; 9.433  ; 9.433  ;
; in_1[0]    ; out[1]      ; 9.324  ; 9.324  ; 9.324  ; 9.324  ;
; in_1[0]    ; out[2]      ; 10.120 ; 10.120 ; 10.120 ; 10.120 ;
; in_1[0]    ; out[3]      ; 10.837 ; 10.837 ; 10.837 ; 10.837 ;
; in_1[0]    ; out[4]      ; 13.799 ; 13.799 ; 13.799 ; 13.799 ;
; in_1[0]    ; out[5]      ; 14.541 ; 14.541 ; 14.541 ; 14.541 ;
; in_1[0]    ; out[6]      ; 13.941 ; 13.941 ; 13.941 ; 13.941 ;
; in_1[0]    ; out[7]      ; 15.712 ; 15.712 ; 15.712 ; 15.712 ;
; in_1[1]    ; Cout        ; 14.294 ;        ;        ; 14.294 ;
; in_1[1]    ; out[1]      ; 9.370  ; 9.370  ; 9.370  ; 9.370  ;
; in_1[1]    ; out[2]      ; 10.159 ; 10.159 ; 10.159 ; 10.159 ;
; in_1[1]    ; out[3]      ; 10.876 ; 10.876 ; 10.876 ; 10.876 ;
; in_1[1]    ; out[4]      ; 13.838 ; 13.838 ; 13.838 ; 13.838 ;
; in_1[1]    ; out[5]      ; 14.580 ; 14.580 ; 14.580 ; 14.580 ;
; in_1[1]    ; out[6]      ; 13.980 ; 13.980 ; 13.980 ; 13.980 ;
; in_1[1]    ; out[7]      ; 15.751 ; 15.751 ; 15.751 ; 15.751 ;
; in_1[2]    ; Cout        ; 13.402 ;        ;        ; 13.402 ;
; in_1[2]    ; out[2]      ; 9.303  ; 9.303  ; 9.303  ; 9.303  ;
; in_1[2]    ; out[3]      ; 9.984  ; 9.984  ; 9.984  ; 9.984  ;
; in_1[2]    ; out[4]      ; 12.946 ; 12.946 ; 12.946 ; 12.946 ;
; in_1[2]    ; out[5]      ; 13.688 ; 13.688 ; 13.688 ; 13.688 ;
; in_1[2]    ; out[6]      ; 13.088 ; 13.088 ; 13.088 ; 13.088 ;
; in_1[2]    ; out[7]      ; 14.859 ; 14.859 ; 14.859 ; 14.859 ;
; in_1[3]    ; Cout        ; 12.775 ;        ;        ; 12.775 ;
; in_1[3]    ; out[3]      ; 9.362  ; 9.362  ; 9.362  ; 9.362  ;
; in_1[3]    ; out[4]      ; 12.319 ; 12.319 ; 12.319 ; 12.319 ;
; in_1[3]    ; out[5]      ; 13.061 ; 13.061 ; 13.061 ; 13.061 ;
; in_1[3]    ; out[6]      ; 12.461 ; 12.461 ; 12.461 ; 12.461 ;
; in_1[3]    ; out[7]      ; 14.232 ; 14.232 ; 14.232 ; 14.232 ;
; in_1[4]    ; Cout        ; 10.866 ;        ;        ; 10.866 ;
; in_1[4]    ; out[4]      ; 10.689 ; 10.689 ; 10.689 ; 10.689 ;
; in_1[4]    ; out[5]      ; 11.153 ; 11.153 ; 11.153 ; 11.153 ;
; in_1[4]    ; out[6]      ; 10.552 ; 10.552 ; 10.552 ; 10.552 ;
; in_1[4]    ; out[7]      ; 12.323 ; 12.323 ; 12.323 ; 12.323 ;
; in_1[5]    ; Cout        ; 10.700 ;        ;        ; 10.700 ;
; in_1[5]    ; out[5]      ; 10.988 ; 10.988 ; 10.988 ; 10.988 ;
; in_1[5]    ; out[6]      ; 10.386 ; 10.386 ; 10.386 ; 10.386 ;
; in_1[5]    ; out[7]      ; 12.157 ; 12.157 ; 12.157 ; 12.157 ;
; in_1[6]    ; Cout        ; 9.956  ;        ;        ; 9.956  ;
; in_1[6]    ; out[6]      ; 9.773  ; 9.773  ; 9.773  ; 9.773  ;
; in_1[6]    ; out[7]      ; 11.418 ; 11.418 ; 11.418 ; 11.418 ;
; in_1[7]    ; Cout        ; 6.066  ;        ;        ; 6.066  ;
; in_1[7]    ; out[7]      ; 7.524  ; 7.524  ; 7.524  ; 7.524  ;
; in_2[0]    ; Cout        ; 14.147 ;        ;        ; 14.147 ;
; in_2[0]    ; out[0]      ; 9.596  ; 9.596  ; 9.596  ; 9.596  ;
; in_2[0]    ; out[1]      ; 9.214  ; 9.214  ; 9.214  ; 9.214  ;
; in_2[0]    ; out[2]      ; 10.012 ; 10.012 ; 10.012 ; 10.012 ;
; in_2[0]    ; out[3]      ; 10.729 ; 10.729 ; 10.729 ; 10.729 ;
; in_2[0]    ; out[4]      ; 13.691 ; 13.691 ; 13.691 ; 13.691 ;
; in_2[0]    ; out[5]      ; 14.433 ; 14.433 ; 14.433 ; 14.433 ;
; in_2[0]    ; out[6]      ; 13.833 ; 13.833 ; 13.833 ; 13.833 ;
; in_2[0]    ; out[7]      ; 15.604 ; 15.604 ; 15.604 ; 15.604 ;
; in_2[1]    ; Cout        ; 13.694 ;        ;        ; 13.694 ;
; in_2[1]    ; out[1]      ; 8.771  ; 8.771  ; 8.771  ; 8.771  ;
; in_2[1]    ; out[2]      ; 9.559  ; 9.559  ; 9.559  ; 9.559  ;
; in_2[1]    ; out[3]      ; 10.276 ; 10.276 ; 10.276 ; 10.276 ;
; in_2[1]    ; out[4]      ; 13.238 ; 13.238 ; 13.238 ; 13.238 ;
; in_2[1]    ; out[5]      ; 13.980 ; 13.980 ; 13.980 ; 13.980 ;
; in_2[1]    ; out[6]      ; 13.380 ; 13.380 ; 13.380 ; 13.380 ;
; in_2[1]    ; out[7]      ; 15.151 ; 15.151 ; 15.151 ; 15.151 ;
; in_2[2]    ; Cout        ; 13.251 ;        ;        ; 13.251 ;
; in_2[2]    ; out[2]      ; 9.151  ; 9.151  ; 9.151  ; 9.151  ;
; in_2[2]    ; out[3]      ; 9.833  ; 9.833  ; 9.833  ; 9.833  ;
; in_2[2]    ; out[4]      ; 12.795 ; 12.795 ; 12.795 ; 12.795 ;
; in_2[2]    ; out[5]      ; 13.537 ; 13.537 ; 13.537 ; 13.537 ;
; in_2[2]    ; out[6]      ; 12.937 ; 12.937 ; 12.937 ; 12.937 ;
; in_2[2]    ; out[7]      ; 14.708 ; 14.708 ; 14.708 ; 14.708 ;
; in_2[3]    ; Cout        ; 12.502 ;        ;        ; 12.502 ;
; in_2[3]    ; out[3]      ; 9.087  ; 9.087  ; 9.087  ; 9.087  ;
; in_2[3]    ; out[4]      ; 12.046 ; 12.046 ; 12.046 ; 12.046 ;
; in_2[3]    ; out[5]      ; 12.788 ; 12.788 ; 12.788 ; 12.788 ;
; in_2[3]    ; out[6]      ; 12.188 ; 12.188 ; 12.188 ; 12.188 ;
; in_2[3]    ; out[7]      ; 13.959 ; 13.959 ; 13.959 ; 13.959 ;
; in_2[4]    ; Cout        ; 10.725 ;        ;        ; 10.725 ;
; in_2[4]    ; out[4]      ; 10.548 ; 10.548 ; 10.548 ; 10.548 ;
; in_2[4]    ; out[5]      ; 11.012 ; 11.012 ; 11.012 ; 11.012 ;
; in_2[4]    ; out[6]      ; 10.411 ; 10.411 ; 10.411 ; 10.411 ;
; in_2[4]    ; out[7]      ; 12.182 ; 12.182 ; 12.182 ; 12.182 ;
; in_2[5]    ; Cout        ; 7.326  ;        ;        ; 7.326  ;
; in_2[5]    ; out[5]      ; 7.615  ; 7.615  ; 7.615  ; 7.615  ;
; in_2[5]    ; out[6]      ; 7.012  ; 7.012  ; 7.012  ; 7.012  ;
; in_2[5]    ; out[7]      ; 8.783  ; 8.783  ; 8.783  ; 8.783  ;
; in_2[6]    ; Cout        ; 9.945  ;        ;        ; 9.945  ;
; in_2[6]    ; out[6]      ; 9.760  ; 9.760  ; 9.760  ; 9.760  ;
; in_2[6]    ; out[7]      ; 11.407 ; 11.407 ; 11.407 ; 11.407 ;
; in_2[7]    ; Cout        ; 6.091  ;        ;        ; 6.091  ;
; in_2[7]    ; out[7]      ; 7.549  ; 7.549  ; 7.549  ; 7.549  ;
+------------+-------------+--------+--------+--------+--------+


----------------------------
; Fast Model Setup Summary ;
----------------------------
No paths to report.


---------------------------
; Fast Model Hold Summary ;
---------------------------
No paths to report.


-------------------------------
; Fast Model Recovery Summary ;
-------------------------------
No paths to report.


------------------------------
; Fast Model Removal Summary ;
------------------------------
No paths to report.


------------------------------------------
; Fast Model Minimum Pulse Width Summary ;
------------------------------------------
No paths to report.


+----------------------------------------------------------+
; Propagation Delay                                        ;
+------------+-------------+-------+-------+-------+-------+
; Input Port ; Output Port ; RR    ; RF    ; FR    ; FF    ;
+------------+-------------+-------+-------+-------+-------+
; A[0]       ; AeqB        ; 6.202 ; 6.202 ; 6.202 ; 6.202 ;
; A[1]       ; AeqB        ; 6.221 ; 6.221 ; 6.221 ; 6.221 ;
; A[2]       ; AeqB        ; 6.089 ; 6.089 ; 6.089 ; 6.089 ;
; A[3]       ; AeqB        ; 5.984 ; 5.984 ; 5.984 ; 5.984 ;
; A[4]       ; AeqB        ; 6.049 ; 6.049 ; 6.049 ; 6.049 ;
; A[5]       ; AeqB        ; 5.877 ; 5.877 ; 5.877 ; 5.877 ;
; A[6]       ; AeqB        ; 6.182 ; 6.182 ; 6.182 ; 6.182 ;
; Ain[0]     ; Amod13[0]   ; 6.862 ; 6.862 ; 6.862 ; 6.862 ;
; Ain[0]     ; Amod13[1]   ; 6.487 ; 6.487 ; 6.487 ; 6.487 ;
; Ain[0]     ; Amod13[2]   ; 6.967 ; 6.967 ; 6.967 ; 6.967 ;
; Ain[0]     ; Amod13[3]   ; 7.441 ; 7.441 ; 7.441 ; 7.441 ;
; Ain[0]     ; Amod13[4]   ; 7.583 ; 7.583 ; 7.583 ; 7.583 ;
; Ain[0]     ; Amod13[5]   ; 7.745 ; 7.745 ; 7.745 ; 7.745 ;
; Ain[0]     ; Amod13[6]   ; 7.922 ; 7.922 ; 7.922 ; 7.922 ;
; Ain[1]     ; Amod13[0]   ; 6.664 ; 6.664 ; 6.664 ; 6.664 ;
; Ain[1]     ; Amod13[1]   ; 6.289 ; 6.289 ; 6.289 ; 6.289 ;
; Ain[1]     ; Amod13[2]   ; 6.769 ; 6.769 ; 6.769 ; 6.769 ;
; Ain[1]     ; Amod13[3]   ; 7.243 ; 7.243 ; 7.243 ; 7.243 ;
; Ain[1]     ; Amod13[4]   ; 7.385 ; 7.385 ; 7.385 ; 7.385 ;
; Ain[1]     ; Amod13[5]   ; 7.547 ; 7.547 ; 7.547 ; 7.547 ;
; Ain[1]     ; Amod13[6]   ; 7.724 ; 7.724 ; 7.724 ; 7.724 ;
; Ain[1]     ; Amod13[7]   ; 5.865 ;       ;       ; 5.865 ;
; Ain[2]     ; Amod13[0]   ; 6.739 ; 6.739 ; 6.739 ; 6.739 ;
; Ain[2]     ; Amod13[1]   ; 6.364 ; 6.364 ; 6.364 ; 6.364 ;
; Ain[2]     ; Amod13[2]   ; 6.844 ; 6.844 ; 6.844 ; 6.844 ;
; Ain[2]     ; Amod13[3]   ; 7.318 ; 7.318 ; 7.318 ; 7.318 ;
; Ain[2]     ; Amod13[4]   ; 7.460 ; 7.460 ; 7.460 ; 7.460 ;
; Ain[2]     ; Amod13[5]   ; 7.622 ; 7.622 ; 7.622 ; 7.622 ;
; Ain[2]     ; Amod13[6]   ; 7.799 ; 7.799 ; 7.799 ; 7.799 ;
; Ain[2]     ; Amod13[7]   ; 5.844 ;       ;       ; 5.844 ;
; Ain[3]     ; Amod13[0]   ; 6.836 ; 6.836 ; 6.836 ; 6.836 ;
; Ain[3]     ; Amod13[1]   ; 6.461 ; 6.461 ; 6.461 ; 6.461 ;
; Ain[3]     ; Amod13[2]   ; 6.941 ; 6.941 ; 6.941 ; 6.941 ;
; Ain[3]     ; Amod13[3]   ; 7.415 ; 7.415 ; 7.415 ; 7.415 ;
; Ain[3]     ; Amod13[4]   ; 7.557 ; 7.557 ; 7.557 ; 7.557 ;
; Ain[3]     ; Amod13[5]   ; 7.719 ; 7.719 ; 7.719 ; 7.719 ;
; Ain[3]     ; Amod13[6]   ; 7.896 ; 7.896 ; 7.896 ; 7.896 ;
; Ain[3]     ; Amod13[7]   ; 5.983 ;       ;       ; 5.983 ;
; Ain[4]     ; Amod13[0]   ; 6.275 ; 6.275 ; 6.275 ; 6.275 ;
; Ain[4]     ; Amod13[1]   ; 5.900 ; 5.900 ; 5.900 ; 5.900 ;
; Ain[4]     ; Amod13[2]   ; 6.380 ; 6.380 ; 6.380 ; 6.380 ;
; Ain[4]     ; Amod13[3]   ; 6.854 ; 6.854 ; 6.854 ; 6.854 ;
; Ain[4]     ; Amod13[4]   ; 6.996 ; 6.996 ; 6.996 ; 6.996 ;
; Ain[4]     ; Amod13[5]   ; 7.158 ; 7.158 ; 7.158 ; 7.158 ;
; Ain[4]     ; Amod13[6]   ; 7.335 ; 7.335 ; 7.335 ; 7.335 ;
; Ain[4]     ; Amod13[7]   ; 5.628 ;       ;       ; 5.628 ;
; Ain[5]     ; Amod13[0]   ; 3.628 ; 3.628 ; 3.628 ; 3.628 ;
; Ain[5]     ; Amod13[1]   ; 3.252 ; 3.252 ; 3.252 ; 3.252 ;
; Ain[5]     ; Amod13[2]   ; 3.962 ; 3.962 ; 3.962 ; 3.962 ;
; Ain[5]     ; Amod13[3]   ; 4.436 ; 4.436 ; 4.436 ; 4.436 ;
; Ain[5]     ; Amod13[4]   ; 4.578 ; 4.578 ; 4.578 ; 4.578 ;
; Ain[5]     ; Amod13[5]   ; 4.740 ; 4.740 ; 4.740 ; 4.740 ;
; Ain[5]     ; Amod13[6]   ; 4.917 ; 4.917 ; 4.917 ; 4.917 ;
; Ain[5]     ; Amod13[7]   ; 3.379 ;       ;       ; 3.379 ;
; B[0]       ; AeqB        ; 6.185 ; 6.185 ; 6.185 ; 6.185 ;
; B[1]       ; AeqB        ; 6.184 ; 6.184 ; 6.184 ; 6.184 ;
; B[2]       ; AeqB        ; 6.181 ; 6.181 ; 6.181 ; 6.181 ;
; B[3]       ; AeqB        ; 6.159 ; 6.159 ; 6.159 ; 6.159 ;
; B[4]       ; AeqB        ; 6.028 ; 6.028 ; 6.028 ; 6.028 ;
; B[5]       ; AeqB        ; 6.013 ; 6.013 ; 6.013 ; 6.013 ;
; B[6]       ; AeqB        ; 6.440 ; 6.440 ; 6.440 ; 6.440 ;
; in_1[0]    ; Cout        ; 7.437 ;       ;       ; 7.437 ;
; in_1[0]    ; out[0]      ; 5.321 ; 5.321 ; 5.321 ; 5.321 ;
; in_1[0]    ; out[1]      ; 5.266 ; 5.266 ; 5.266 ; 5.266 ;
; in_1[0]    ; out[2]      ; 5.563 ; 5.563 ; 5.563 ; 5.563 ;
; in_1[0]    ; out[3]      ; 5.914 ; 5.914 ; 5.914 ; 5.914 ;
; in_1[0]    ; out[4]      ; 7.284 ; 7.284 ; 7.284 ; 7.284 ;
; in_1[0]    ; out[5]      ; 7.615 ; 7.615 ; 7.615 ; 7.615 ;
; in_1[0]    ; out[6]      ; 7.315 ; 7.315 ; 7.315 ; 7.315 ;
; in_1[0]    ; out[7]      ; 8.110 ; 8.110 ; 8.110 ; 8.110 ;
; in_1[1]    ; Cout        ; 7.444 ;       ;       ; 7.444 ;
; in_1[1]    ; out[1]      ; 5.283 ; 5.283 ; 5.283 ; 5.283 ;
; in_1[1]    ; out[2]      ; 5.570 ; 5.570 ; 5.570 ; 5.570 ;
; in_1[1]    ; out[3]      ; 5.921 ; 5.921 ; 5.921 ; 5.921 ;
; in_1[1]    ; out[4]      ; 7.291 ; 7.291 ; 7.291 ; 7.291 ;
; in_1[1]    ; out[5]      ; 7.622 ; 7.622 ; 7.622 ; 7.622 ;
; in_1[1]    ; out[6]      ; 7.322 ; 7.322 ; 7.322 ; 7.322 ;
; in_1[1]    ; out[7]      ; 8.117 ; 8.117 ; 8.117 ; 8.117 ;
; in_1[2]    ; Cout        ; 7.094 ;       ;       ; 7.094 ;
; in_1[2]    ; out[2]      ; 5.207 ; 5.207 ; 5.207 ; 5.207 ;
; in_1[2]    ; out[3]      ; 5.569 ; 5.569 ; 5.569 ; 5.569 ;
; in_1[2]    ; out[4]      ; 6.941 ; 6.941 ; 6.941 ; 6.941 ;
; in_1[2]    ; out[5]      ; 7.272 ; 7.272 ; 7.272 ; 7.272 ;
; in_1[2]    ; out[6]      ; 6.972 ; 6.972 ; 6.972 ; 6.972 ;
; in_1[2]    ; out[7]      ; 7.767 ; 7.767 ; 7.767 ; 7.767 ;
; in_1[3]    ; Cout        ; 6.779 ;       ;       ; 6.779 ;
; in_1[3]    ; out[3]      ; 5.258 ; 5.258 ; 5.258 ; 5.258 ;
; in_1[3]    ; out[4]      ; 6.626 ; 6.626 ; 6.626 ; 6.626 ;
; in_1[3]    ; out[5]      ; 6.957 ; 6.957 ; 6.957 ; 6.957 ;
; in_1[3]    ; out[6]      ; 6.657 ; 6.657 ; 6.657 ; 6.657 ;
; in_1[3]    ; out[7]      ; 7.452 ; 7.452 ; 7.452 ; 7.452 ;
; in_1[4]    ; Cout        ; 6.015 ;       ;       ; 6.015 ;
; in_1[4]    ; out[4]      ; 5.866 ; 5.866 ; 5.866 ; 5.866 ;
; in_1[4]    ; out[5]      ; 6.193 ; 6.193 ; 6.193 ; 6.193 ;
; in_1[4]    ; out[6]      ; 5.893 ; 5.893 ; 5.893 ; 5.893 ;
; in_1[4]    ; out[7]      ; 6.688 ; 6.688 ; 6.688 ; 6.688 ;
; in_1[5]    ; Cout        ; 5.818 ;       ;       ; 5.818 ;
; in_1[5]    ; out[5]      ; 5.992 ; 5.992 ; 5.992 ; 5.992 ;
; in_1[5]    ; out[6]      ; 5.696 ; 5.696 ; 5.696 ; 5.696 ;
; in_1[5]    ; out[7]      ; 6.491 ; 6.491 ; 6.491 ; 6.491 ;
; in_1[6]    ; Cout        ; 5.565 ;       ;       ; 5.565 ;
; in_1[6]    ; out[6]      ; 5.443 ; 5.443 ; 5.443 ; 5.443 ;
; in_1[6]    ; out[7]      ; 6.238 ; 6.238 ; 6.238 ; 6.238 ;
; in_1[7]    ; Cout        ; 3.136 ;       ;       ; 3.136 ;
; in_1[7]    ; out[7]      ; 3.811 ; 3.811 ; 3.811 ; 3.811 ;
; in_2[0]    ; Cout        ; 7.357 ;       ;       ; 7.357 ;
; in_2[0]    ; out[0]      ; 5.360 ; 5.360 ; 5.360 ; 5.360 ;
; in_2[0]    ; out[1]      ; 5.187 ; 5.187 ; 5.187 ; 5.187 ;
; in_2[0]    ; out[2]      ; 5.483 ; 5.483 ; 5.483 ; 5.483 ;
; in_2[0]    ; out[3]      ; 5.834 ; 5.834 ; 5.834 ; 5.834 ;
; in_2[0]    ; out[4]      ; 7.204 ; 7.204 ; 7.204 ; 7.204 ;
; in_2[0]    ; out[5]      ; 7.535 ; 7.535 ; 7.535 ; 7.535 ;
; in_2[0]    ; out[6]      ; 7.235 ; 7.235 ; 7.235 ; 7.235 ;
; in_2[0]    ; out[7]      ; 8.030 ; 8.030 ; 8.030 ; 8.030 ;
; in_2[1]    ; Cout        ; 7.180 ;       ;       ; 7.180 ;
; in_2[1]    ; out[1]      ; 5.020 ; 5.020 ; 5.020 ; 5.020 ;
; in_2[1]    ; out[2]      ; 5.306 ; 5.306 ; 5.306 ; 5.306 ;
; in_2[1]    ; out[3]      ; 5.657 ; 5.657 ; 5.657 ; 5.657 ;
; in_2[1]    ; out[4]      ; 7.027 ; 7.027 ; 7.027 ; 7.027 ;
; in_2[1]    ; out[5]      ; 7.358 ; 7.358 ; 7.358 ; 7.358 ;
; in_2[1]    ; out[6]      ; 7.058 ; 7.058 ; 7.058 ; 7.058 ;
; in_2[1]    ; out[7]      ; 7.853 ; 7.853 ; 7.853 ; 7.853 ;
; in_2[2]    ; Cout        ; 7.008 ;       ;       ; 7.008 ;
; in_2[2]    ; out[2]      ; 5.138 ; 5.138 ; 5.138 ; 5.138 ;
; in_2[2]    ; out[3]      ; 5.485 ; 5.485 ; 5.485 ; 5.485 ;
; in_2[2]    ; out[4]      ; 6.855 ; 6.855 ; 6.855 ; 6.855 ;
; in_2[2]    ; out[5]      ; 7.186 ; 7.186 ; 7.186 ; 7.186 ;
; in_2[2]    ; out[6]      ; 6.886 ; 6.886 ; 6.886 ; 6.886 ;
; in_2[2]    ; out[7]      ; 7.681 ; 7.681 ; 7.681 ; 7.681 ;
; in_2[3]    ; Cout        ; 6.670 ;       ;       ; 6.670 ;
; in_2[3]    ; out[3]      ; 5.148 ; 5.148 ; 5.148 ; 5.148 ;
; in_2[3]    ; out[4]      ; 6.517 ; 6.517 ; 6.517 ; 6.517 ;
; in_2[3]    ; out[5]      ; 6.848 ; 6.848 ; 6.848 ; 6.848 ;
; in_2[3]    ; out[6]      ; 6.548 ; 6.548 ; 6.548 ; 6.548 ;
; in_2[3]    ; out[7]      ; 7.343 ; 7.343 ; 7.343 ; 7.343 ;
; in_2[4]    ; Cout        ; 5.944 ;       ;       ; 5.944 ;
; in_2[4]    ; out[4]      ; 5.796 ; 5.796 ; 5.796 ; 5.796 ;
; in_2[4]    ; out[5]      ; 6.122 ; 6.122 ; 6.122 ; 6.122 ;
; in_2[4]    ; out[6]      ; 5.822 ; 5.822 ; 5.822 ; 5.822 ;
; in_2[4]    ; out[7]      ; 6.617 ; 6.617 ; 6.617 ; 6.617 ;
; in_2[5]    ; Cout        ; 3.684 ;       ;       ; 3.684 ;
; in_2[5]    ; out[5]      ; 3.862 ; 3.862 ; 3.862 ; 3.862 ;
; in_2[5]    ; out[6]      ; 3.562 ; 3.562 ; 3.562 ; 3.562 ;
; in_2[5]    ; out[7]      ; 4.357 ; 4.357 ; 4.357 ; 4.357 ;
; in_2[6]    ; Cout        ; 5.580 ;       ;       ; 5.580 ;
; in_2[6]    ; out[6]      ; 5.459 ; 5.459 ; 5.459 ; 5.459 ;
; in_2[6]    ; out[7]      ; 6.253 ; 6.253 ; 6.253 ; 6.253 ;
; in_2[7]    ; Cout        ; 3.159 ;       ;       ; 3.159 ;
; in_2[7]    ; out[7]      ; 3.832 ; 3.832 ; 3.832 ; 3.832 ;
+------------+-------------+-------+-------+-------+-------+


+----------------------------------------------------------+
; Minimum Propagation Delay                                ;
+------------+-------------+-------+-------+-------+-------+
; Input Port ; Output Port ; RR    ; RF    ; FR    ; FF    ;
+------------+-------------+-------+-------+-------+-------+
; A[0]       ; AeqB        ; 6.202 ; 6.202 ; 6.202 ; 6.202 ;
; A[1]       ; AeqB        ; 6.221 ; 6.221 ; 6.221 ; 6.221 ;
; A[2]       ; AeqB        ; 6.089 ; 6.089 ; 6.089 ; 6.089 ;
; A[3]       ; AeqB        ; 5.984 ; 5.984 ; 5.984 ; 5.984 ;
; A[4]       ; AeqB        ; 6.049 ; 6.049 ; 6.049 ; 6.049 ;
; A[5]       ; AeqB        ; 5.877 ; 5.877 ; 5.877 ; 5.877 ;
; A[6]       ; AeqB        ; 6.182 ; 6.182 ; 6.182 ; 6.182 ;
; Ain[0]     ; Amod13[0]   ; 6.862 ; 6.862 ; 6.862 ; 6.862 ;
; Ain[0]     ; Amod13[1]   ; 6.487 ; 6.487 ; 6.487 ; 6.487 ;
; Ain[0]     ; Amod13[2]   ; 5.855 ; 5.855 ; 5.855 ; 5.855 ;
; Ain[0]     ; Amod13[3]   ; 5.874 ; 5.874 ; 5.874 ; 5.874 ;
; Ain[0]     ; Amod13[4]   ; 6.018 ; 6.018 ; 6.018 ; 6.018 ;
; Ain[0]     ; Amod13[5]   ; 6.180 ; 6.180 ; 6.180 ; 6.180 ;
; Ain[0]     ; Amod13[6]   ; 6.357 ; 6.357 ; 6.357 ; 6.357 ;
; Ain[1]     ; Amod13[0]   ; 6.664 ; 6.664 ; 6.664 ; 6.664 ;
; Ain[1]     ; Amod13[1]   ; 6.289 ; 6.289 ; 6.289 ; 6.289 ;
; Ain[1]     ; Amod13[2]   ; 6.769 ; 6.769 ; 6.769 ; 6.769 ;
; Ain[1]     ; Amod13[3]   ; 5.747 ; 5.747 ; 5.747 ; 5.747 ;
; Ain[1]     ; Amod13[4]   ; 5.897 ; 5.897 ; 5.897 ; 5.897 ;
; Ain[1]     ; Amod13[5]   ; 6.059 ; 6.059 ; 6.059 ; 6.059 ;
; Ain[1]     ; Amod13[6]   ; 6.236 ; 6.236 ; 6.236 ; 6.236 ;
; Ain[1]     ; Amod13[7]   ; 5.865 ;       ;       ; 5.865 ;
; Ain[2]     ; Amod13[0]   ; 6.323 ; 6.323 ; 6.323 ; 6.323 ;
; Ain[2]     ; Amod13[1]   ; 5.948 ; 5.948 ; 5.948 ; 5.948 ;
; Ain[2]     ; Amod13[2]   ; 6.428 ; 6.428 ; 6.428 ; 6.428 ;
; Ain[2]     ; Amod13[3]   ; 6.474 ; 6.474 ; 6.474 ; 6.474 ;
; Ain[2]     ; Amod13[4]   ; 5.734 ; 5.734 ; 5.734 ; 5.734 ;
; Ain[2]     ; Amod13[5]   ; 5.894 ; 5.894 ; 5.894 ; 5.894 ;
; Ain[2]     ; Amod13[6]   ; 6.071 ; 6.071 ; 6.071 ; 6.071 ;
; Ain[2]     ; Amod13[7]   ; 5.844 ;       ;       ; 5.844 ;
; Ain[3]     ; Amod13[0]   ; 6.234 ; 6.234 ; 6.234 ; 6.234 ;
; Ain[3]     ; Amod13[1]   ; 5.859 ; 5.859 ; 5.859 ; 5.859 ;
; Ain[3]     ; Amod13[2]   ; 6.556 ; 6.556 ; 6.556 ; 6.556 ;
; Ain[3]     ; Amod13[3]   ; 6.174 ; 6.174 ; 6.174 ; 6.174 ;
; Ain[3]     ; Amod13[4]   ; 6.278 ; 6.278 ; 6.278 ; 6.278 ;
; Ain[3]     ; Amod13[5]   ; 5.756 ; 5.756 ; 5.756 ; 5.756 ;
; Ain[3]     ; Amod13[6]   ; 5.933 ; 5.933 ; 5.933 ; 5.933 ;
; Ain[3]     ; Amod13[7]   ; 5.983 ;       ;       ; 5.983 ;
; Ain[4]     ; Amod13[0]   ; 5.881 ; 5.881 ; 5.881 ; 5.881 ;
; Ain[4]     ; Amod13[1]   ; 5.505 ; 5.505 ; 5.505 ; 5.505 ;
; Ain[4]     ; Amod13[2]   ; 5.712 ; 5.712 ; 5.712 ; 5.712 ;
; Ain[4]     ; Amod13[3]   ; 5.976 ; 5.976 ; 5.976 ; 5.976 ;
; Ain[4]     ; Amod13[4]   ; 6.068 ; 6.068 ; 6.068 ; 6.068 ;
; Ain[4]     ; Amod13[5]   ; 5.815 ; 5.815 ; 5.815 ; 5.815 ;
; Ain[4]     ; Amod13[6]   ; 5.529 ; 5.529 ; 5.529 ; 5.529 ;
; Ain[4]     ; Amod13[7]   ; 5.628 ;       ;       ; 5.628 ;
; Ain[5]     ; Amod13[0]   ; 3.628 ; 3.628 ; 3.628 ; 3.628 ;
; Ain[5]     ; Amod13[1]   ; 3.252 ; 3.252 ; 3.252 ; 3.252 ;
; Ain[5]     ; Amod13[2]   ; 3.383 ; 3.383 ; 3.383 ; 3.383 ;
; Ain[5]     ; Amod13[3]   ; 3.648 ; 3.648 ; 3.648 ; 3.648 ;
; Ain[5]     ; Amod13[4]   ; 3.746 ; 3.746 ; 3.746 ; 3.746 ;
; Ain[5]     ; Amod13[5]   ; 3.517 ; 3.517 ; 3.517 ; 3.517 ;
; Ain[5]     ; Amod13[6]   ; 3.445 ; 3.445 ; 3.445 ; 3.445 ;
; Ain[5]     ; Amod13[7]   ; 3.379 ;       ;       ; 3.379 ;
; B[0]       ; AeqB        ; 6.185 ; 6.185 ; 6.185 ; 6.185 ;
; B[1]       ; AeqB        ; 6.184 ; 6.184 ; 6.184 ; 6.184 ;
; B[2]       ; AeqB        ; 6.181 ; 6.181 ; 6.181 ; 6.181 ;
; B[3]       ; AeqB        ; 6.159 ; 6.159 ; 6.159 ; 6.159 ;
; B[4]       ; AeqB        ; 6.028 ; 6.028 ; 6.028 ; 6.028 ;
; B[5]       ; AeqB        ; 6.013 ; 6.013 ; 6.013 ; 6.013 ;
; B[6]       ; AeqB        ; 6.440 ; 6.440 ; 6.440 ; 6.440 ;
; in_1[0]    ; Cout        ; 7.437 ;       ;       ; 7.437 ;
; in_1[0]    ; out[0]      ; 5.321 ; 5.321 ; 5.321 ; 5.321 ;
; in_1[0]    ; out[1]      ; 5.266 ; 5.266 ; 5.266 ; 5.266 ;
; in_1[0]    ; out[2]      ; 5.563 ; 5.563 ; 5.563 ; 5.563 ;
; in_1[0]    ; out[3]      ; 5.914 ; 5.914 ; 5.914 ; 5.914 ;
; in_1[0]    ; out[4]      ; 7.284 ; 7.284 ; 7.284 ; 7.284 ;
; in_1[0]    ; out[5]      ; 7.615 ; 7.615 ; 7.615 ; 7.615 ;
; in_1[0]    ; out[6]      ; 7.315 ; 7.315 ; 7.315 ; 7.315 ;
; in_1[0]    ; out[7]      ; 8.110 ; 8.110 ; 8.110 ; 8.110 ;
; in_1[1]    ; Cout        ; 7.444 ;       ;       ; 7.444 ;
; in_1[1]    ; out[1]      ; 5.283 ; 5.283 ; 5.283 ; 5.283 ;
; in_1[1]    ; out[2]      ; 5.570 ; 5.570 ; 5.570 ; 5.570 ;
; in_1[1]    ; out[3]      ; 5.921 ; 5.921 ; 5.921 ; 5.921 ;
; in_1[1]    ; out[4]      ; 7.291 ; 7.291 ; 7.291 ; 7.291 ;
; in_1[1]    ; out[5]      ; 7.622 ; 7.622 ; 7.622 ; 7.622 ;
; in_1[1]    ; out[6]      ; 7.322 ; 7.322 ; 7.322 ; 7.322 ;
; in_1[1]    ; out[7]      ; 8.117 ; 8.117 ; 8.117 ; 8.117 ;
; in_1[2]    ; Cout        ; 7.077 ;       ;       ; 7.077 ;
; in_1[2]    ; out[2]      ; 5.207 ; 5.207 ; 5.207 ; 5.207 ;
; in_1[2]    ; out[3]      ; 5.554 ; 5.554 ; 5.554 ; 5.554 ;
; in_1[2]    ; out[4]      ; 6.924 ; 6.924 ; 6.924 ; 6.924 ;
; in_1[2]    ; out[5]      ; 7.255 ; 7.255 ; 7.255 ; 7.255 ;
; in_1[2]    ; out[6]      ; 6.955 ; 6.955 ; 6.955 ; 6.955 ;
; in_1[2]    ; out[7]      ; 7.750 ; 7.750 ; 7.750 ; 7.750 ;
; in_1[3]    ; Cout        ; 6.779 ;       ;       ; 6.779 ;
; in_1[3]    ; out[3]      ; 5.258 ; 5.258 ; 5.258 ; 5.258 ;
; in_1[3]    ; out[4]      ; 6.626 ; 6.626 ; 6.626 ; 6.626 ;
; in_1[3]    ; out[5]      ; 6.957 ; 6.957 ; 6.957 ; 6.957 ;
; in_1[3]    ; out[6]      ; 6.657 ; 6.657 ; 6.657 ; 6.657 ;
; in_1[3]    ; out[7]      ; 7.452 ; 7.452 ; 7.452 ; 7.452 ;
; in_1[4]    ; Cout        ; 5.902 ;       ;       ; 5.902 ;
; in_1[4]    ; out[4]      ; 5.866 ; 5.866 ; 5.866 ; 5.866 ;
; in_1[4]    ; out[5]      ; 6.080 ; 6.080 ; 6.080 ; 6.080 ;
; in_1[4]    ; out[6]      ; 5.780 ; 5.780 ; 5.780 ; 5.780 ;
; in_1[4]    ; out[7]      ; 6.575 ; 6.575 ; 6.575 ; 6.575 ;
; in_1[5]    ; Cout        ; 5.818 ;       ;       ; 5.818 ;
; in_1[5]    ; out[5]      ; 5.992 ; 5.992 ; 5.992 ; 5.992 ;
; in_1[5]    ; out[6]      ; 5.696 ; 5.696 ; 5.696 ; 5.696 ;
; in_1[5]    ; out[7]      ; 6.491 ; 6.491 ; 6.491 ; 6.491 ;
; in_1[6]    ; Cout        ; 5.517 ;       ;       ; 5.517 ;
; in_1[6]    ; out[6]      ; 5.443 ; 5.443 ; 5.443 ; 5.443 ;
; in_1[6]    ; out[7]      ; 6.195 ; 6.195 ; 6.195 ; 6.195 ;
; in_1[7]    ; Cout        ; 3.136 ;       ;       ; 3.136 ;
; in_1[7]    ; out[7]      ; 3.811 ; 3.811 ; 3.811 ; 3.811 ;
; in_2[0]    ; Cout        ; 7.357 ;       ;       ; 7.357 ;
; in_2[0]    ; out[0]      ; 5.360 ; 5.360 ; 5.360 ; 5.360 ;
; in_2[0]    ; out[1]      ; 5.187 ; 5.187 ; 5.187 ; 5.187 ;
; in_2[0]    ; out[2]      ; 5.483 ; 5.483 ; 5.483 ; 5.483 ;
; in_2[0]    ; out[3]      ; 5.834 ; 5.834 ; 5.834 ; 5.834 ;
; in_2[0]    ; out[4]      ; 7.204 ; 7.204 ; 7.204 ; 7.204 ;
; in_2[0]    ; out[5]      ; 7.535 ; 7.535 ; 7.535 ; 7.535 ;
; in_2[0]    ; out[6]      ; 7.235 ; 7.235 ; 7.235 ; 7.235 ;
; in_2[0]    ; out[7]      ; 8.030 ; 8.030 ; 8.030 ; 8.030 ;
; in_2[1]    ; Cout        ; 7.180 ;       ;       ; 7.180 ;
; in_2[1]    ; out[1]      ; 5.020 ; 5.020 ; 5.020 ; 5.020 ;
; in_2[1]    ; out[2]      ; 5.306 ; 5.306 ; 5.306 ; 5.306 ;
; in_2[1]    ; out[3]      ; 5.657 ; 5.657 ; 5.657 ; 5.657 ;
; in_2[1]    ; out[4]      ; 7.027 ; 7.027 ; 7.027 ; 7.027 ;
; in_2[1]    ; out[5]      ; 7.358 ; 7.358 ; 7.358 ; 7.358 ;
; in_2[1]    ; out[6]      ; 7.058 ; 7.058 ; 7.058 ; 7.058 ;
; in_2[1]    ; out[7]      ; 7.853 ; 7.853 ; 7.853 ; 7.853 ;
; in_2[2]    ; Cout        ; 6.996 ;       ;       ; 6.996 ;
; in_2[2]    ; out[2]      ; 5.138 ; 5.138 ; 5.138 ; 5.138 ;
; in_2[2]    ; out[3]      ; 5.471 ; 5.471 ; 5.471 ; 5.471 ;
; in_2[2]    ; out[4]      ; 6.843 ; 6.843 ; 6.843 ; 6.843 ;
; in_2[2]    ; out[5]      ; 7.174 ; 7.174 ; 7.174 ; 7.174 ;
; in_2[2]    ; out[6]      ; 6.874 ; 6.874 ; 6.874 ; 6.874 ;
; in_2[2]    ; out[7]      ; 7.669 ; 7.669 ; 7.669 ; 7.669 ;
; in_2[3]    ; Cout        ; 6.670 ;       ;       ; 6.670 ;
; in_2[3]    ; out[3]      ; 5.148 ; 5.148 ; 5.148 ; 5.148 ;
; in_2[3]    ; out[4]      ; 6.517 ; 6.517 ; 6.517 ; 6.517 ;
; in_2[3]    ; out[5]      ; 6.848 ; 6.848 ; 6.848 ; 6.848 ;
; in_2[3]    ; out[6]      ; 6.548 ; 6.548 ; 6.548 ; 6.548 ;
; in_2[3]    ; out[7]      ; 7.343 ; 7.343 ; 7.343 ; 7.343 ;
; in_2[4]    ; Cout        ; 5.852 ;       ;       ; 5.852 ;
; in_2[4]    ; out[4]      ; 5.796 ; 5.796 ; 5.796 ; 5.796 ;
; in_2[4]    ; out[5]      ; 6.030 ; 6.030 ; 6.030 ; 6.030 ;
; in_2[4]    ; out[6]      ; 5.730 ; 5.730 ; 5.730 ; 5.730 ;
; in_2[4]    ; out[7]      ; 6.525 ; 6.525 ; 6.525 ; 6.525 ;
; in_2[5]    ; Cout        ; 3.684 ;       ;       ; 3.684 ;
; in_2[5]    ; out[5]      ; 3.862 ; 3.862 ; 3.862 ; 3.862 ;
; in_2[5]    ; out[6]      ; 3.562 ; 3.562 ; 3.562 ; 3.562 ;
; in_2[5]    ; out[7]      ; 4.357 ; 4.357 ; 4.357 ; 4.357 ;
; in_2[6]    ; Cout        ; 5.555 ;       ;       ; 5.555 ;
; in_2[6]    ; out[6]      ; 5.459 ; 5.459 ; 5.459 ; 5.459 ;
; in_2[6]    ; out[7]      ; 6.233 ; 6.233 ; 6.233 ; 6.233 ;
; in_2[7]    ; Cout        ; 3.159 ;       ;       ; 3.159 ;
; in_2[7]    ; out[7]      ; 3.832 ; 3.832 ; 3.832 ; 3.832 ;
+------------+-------------+-------+-------+-------+-------+


+----------------------------------------------------------------------------+
; Multicorner Timing Analysis Summary                                        ;
+------------------+-------+------+----------+---------+---------------------+
; Clock            ; Setup ; Hold ; Recovery ; Removal ; Minimum Pulse Width ;
+------------------+-------+------+----------+---------+---------------------+
; Worst-case Slack ; N/A   ; N/A  ; N/A      ; N/A     ; N/A                 ;
; Design-wide TNS  ; 0.0   ; 0.0  ; 0.0      ; 0.0     ; 0.0                 ;
+------------------+-------+------+----------+---------+---------------------+


+--------------------------------------------------------------+
; Progagation Delay                                            ;
+------------+-------------+--------+--------+--------+--------+
; Input Port ; Output Port ; RR     ; RF     ; FR     ; FF     ;
+------------+-------------+--------+--------+--------+--------+
; A[0]       ; AeqB        ; 11.371 ; 11.371 ; 11.371 ; 11.371 ;
; A[1]       ; AeqB        ; 11.265 ; 11.265 ; 11.265 ; 11.265 ;
; A[2]       ; AeqB        ; 11.180 ; 11.180 ; 11.180 ; 11.180 ;
; A[3]       ; AeqB        ; 10.930 ; 10.930 ; 10.930 ; 10.930 ;
; A[4]       ; AeqB        ; 11.036 ; 11.036 ; 11.036 ; 11.036 ;
; A[5]       ; AeqB        ; 10.664 ; 10.664 ; 10.664 ; 10.664 ;
; A[6]       ; AeqB        ; 11.316 ; 11.316 ; 11.316 ; 11.316 ;
; Ain[0]     ; Amod13[0]   ; 13.091 ; 13.091 ; 13.091 ; 13.091 ;
; Ain[0]     ; Amod13[1]   ; 12.176 ; 12.176 ; 12.176 ; 12.176 ;
; Ain[0]     ; Amod13[2]   ; 13.244 ; 13.244 ; 13.244 ; 13.244 ;
; Ain[0]     ; Amod13[3]   ; 14.327 ; 14.327 ; 14.327 ; 14.327 ;
; Ain[0]     ; Amod13[4]   ; 14.776 ; 14.776 ; 14.776 ; 14.776 ;
; Ain[0]     ; Amod13[5]   ; 15.223 ; 15.223 ; 15.223 ; 15.223 ;
; Ain[0]     ; Amod13[6]   ; 15.534 ; 15.534 ; 15.534 ; 15.534 ;
; Ain[1]     ; Amod13[0]   ; 12.660 ; 12.660 ; 12.660 ; 12.660 ;
; Ain[1]     ; Amod13[1]   ; 11.745 ; 11.745 ; 11.745 ; 11.745 ;
; Ain[1]     ; Amod13[2]   ; 12.813 ; 12.813 ; 12.813 ; 12.813 ;
; Ain[1]     ; Amod13[3]   ; 13.896 ; 13.896 ; 13.896 ; 13.896 ;
; Ain[1]     ; Amod13[4]   ; 14.345 ; 14.345 ; 14.345 ; 14.345 ;
; Ain[1]     ; Amod13[5]   ; 14.792 ; 14.792 ; 14.792 ; 14.792 ;
; Ain[1]     ; Amod13[6]   ; 15.103 ; 15.103 ; 15.103 ; 15.103 ;
; Ain[1]     ; Amod13[7]   ; 10.739 ;        ;        ; 10.739 ;
; Ain[2]     ; Amod13[0]   ; 12.830 ; 12.830 ; 12.830 ; 12.830 ;
; Ain[2]     ; Amod13[1]   ; 11.915 ; 11.915 ; 11.915 ; 11.915 ;
; Ain[2]     ; Amod13[2]   ; 12.983 ; 12.983 ; 12.983 ; 12.983 ;
; Ain[2]     ; Amod13[3]   ; 14.066 ; 14.066 ; 14.066 ; 14.066 ;
; Ain[2]     ; Amod13[4]   ; 14.515 ; 14.515 ; 14.515 ; 14.515 ;
; Ain[2]     ; Amod13[5]   ; 14.962 ; 14.962 ; 14.962 ; 14.962 ;
; Ain[2]     ; Amod13[6]   ; 15.273 ; 15.273 ; 15.273 ; 15.273 ;
; Ain[2]     ; Amod13[7]   ; 10.670 ;        ;        ; 10.670 ;
; Ain[3]     ; Amod13[0]   ; 12.982 ; 12.982 ; 12.982 ; 12.982 ;
; Ain[3]     ; Amod13[1]   ; 12.067 ; 12.067 ; 12.067 ; 12.067 ;
; Ain[3]     ; Amod13[2]   ; 13.135 ; 13.135 ; 13.135 ; 13.135 ;
; Ain[3]     ; Amod13[3]   ; 14.218 ; 14.218 ; 14.218 ; 14.218 ;
; Ain[3]     ; Amod13[4]   ; 14.667 ; 14.667 ; 14.667 ; 14.667 ;
; Ain[3]     ; Amod13[5]   ; 15.114 ; 15.114 ; 15.114 ; 15.114 ;
; Ain[3]     ; Amod13[6]   ; 15.425 ; 15.425 ; 15.425 ; 15.425 ;
; Ain[3]     ; Amod13[7]   ; 10.904 ;        ;        ; 10.904 ;
; Ain[4]     ; Amod13[0]   ; 11.645 ; 11.645 ; 11.645 ; 11.645 ;
; Ain[4]     ; Amod13[1]   ; 10.730 ; 10.730 ; 10.730 ; 10.730 ;
; Ain[4]     ; Amod13[2]   ; 11.798 ; 11.798 ; 11.798 ; 11.798 ;
; Ain[4]     ; Amod13[3]   ; 12.881 ; 12.881 ; 12.881 ; 12.881 ;
; Ain[4]     ; Amod13[4]   ; 13.330 ; 13.330 ; 13.330 ; 13.330 ;
; Ain[4]     ; Amod13[5]   ; 13.777 ; 13.777 ; 13.777 ; 13.777 ;
; Ain[4]     ; Amod13[6]   ; 14.088 ; 14.088 ; 14.088 ; 14.088 ;
; Ain[4]     ; Amod13[7]   ; 10.060 ;        ;        ; 10.060 ;
; Ain[5]     ; Amod13[0]   ; 7.132  ; 7.132  ; 7.132  ; 7.132  ;
; Ain[5]     ; Amod13[1]   ; 6.212  ; 6.212  ; 6.212  ; 6.212  ;
; Ain[5]     ; Amod13[2]   ; 7.805  ; 7.805  ; 7.805  ; 7.805  ;
; Ain[5]     ; Amod13[3]   ; 8.888  ; 8.888  ; 8.888  ; 8.888  ;
; Ain[5]     ; Amod13[4]   ; 9.337  ; 9.337  ; 9.337  ; 9.337  ;
; Ain[5]     ; Amod13[5]   ; 9.784  ; 9.784  ; 9.784  ; 9.784  ;
; Ain[5]     ; Amod13[6]   ; 10.095 ; 10.095 ; 10.095 ; 10.095 ;
; Ain[5]     ; Amod13[7]   ; 6.469  ;        ;        ; 6.469  ;
; B[0]       ; AeqB        ; 11.193 ; 11.193 ; 11.193 ; 11.193 ;
; B[1]       ; AeqB        ; 11.314 ; 11.314 ; 11.314 ; 11.314 ;
; B[2]       ; AeqB        ; 11.341 ; 11.341 ; 11.341 ; 11.341 ;
; B[3]       ; AeqB        ; 11.269 ; 11.269 ; 11.269 ; 11.269 ;
; B[4]       ; AeqB        ; 10.887 ; 10.887 ; 10.887 ; 10.887 ;
; B[5]       ; AeqB        ; 10.945 ; 10.945 ; 10.945 ; 10.945 ;
; B[6]       ; AeqB        ; 11.699 ; 11.699 ; 11.699 ; 11.699 ;
; in_1[0]    ; Cout        ; 14.255 ;        ;        ; 14.255 ;
; in_1[0]    ; out[0]      ; 9.433  ; 9.433  ; 9.433  ; 9.433  ;
; in_1[0]    ; out[1]      ; 9.324  ; 9.324  ; 9.324  ; 9.324  ;
; in_1[0]    ; out[2]      ; 10.120 ; 10.120 ; 10.120 ; 10.120 ;
; in_1[0]    ; out[3]      ; 10.837 ; 10.837 ; 10.837 ; 10.837 ;
; in_1[0]    ; out[4]      ; 13.799 ; 13.799 ; 13.799 ; 13.799 ;
; in_1[0]    ; out[5]      ; 14.541 ; 14.541 ; 14.541 ; 14.541 ;
; in_1[0]    ; out[6]      ; 13.941 ; 13.941 ; 13.941 ; 13.941 ;
; in_1[0]    ; out[7]      ; 15.712 ; 15.712 ; 15.712 ; 15.712 ;
; in_1[1]    ; Cout        ; 14.294 ;        ;        ; 14.294 ;
; in_1[1]    ; out[1]      ; 9.370  ; 9.370  ; 9.370  ; 9.370  ;
; in_1[1]    ; out[2]      ; 10.159 ; 10.159 ; 10.159 ; 10.159 ;
; in_1[1]    ; out[3]      ; 10.876 ; 10.876 ; 10.876 ; 10.876 ;
; in_1[1]    ; out[4]      ; 13.838 ; 13.838 ; 13.838 ; 13.838 ;
; in_1[1]    ; out[5]      ; 14.580 ; 14.580 ; 14.580 ; 14.580 ;
; in_1[1]    ; out[6]      ; 13.980 ; 13.980 ; 13.980 ; 13.980 ;
; in_1[1]    ; out[7]      ; 15.751 ; 15.751 ; 15.751 ; 15.751 ;
; in_1[2]    ; Cout        ; 13.438 ;        ;        ; 13.438 ;
; in_1[2]    ; out[2]      ; 9.303  ; 9.303  ; 9.303  ; 9.303  ;
; in_1[2]    ; out[3]      ; 10.020 ; 10.020 ; 10.020 ; 10.020 ;
; in_1[2]    ; out[4]      ; 12.982 ; 12.982 ; 12.982 ; 12.982 ;
; in_1[2]    ; out[5]      ; 13.724 ; 13.724 ; 13.724 ; 13.724 ;
; in_1[2]    ; out[6]      ; 13.124 ; 13.124 ; 13.124 ; 13.124 ;
; in_1[2]    ; out[7]      ; 14.895 ; 14.895 ; 14.895 ; 14.895 ;
; in_1[3]    ; Cout        ; 12.775 ;        ;        ; 12.775 ;
; in_1[3]    ; out[3]      ; 9.362  ; 9.362  ; 9.362  ; 9.362  ;
; in_1[3]    ; out[4]      ; 12.319 ; 12.319 ; 12.319 ; 12.319 ;
; in_1[3]    ; out[5]      ; 13.061 ; 13.061 ; 13.061 ; 13.061 ;
; in_1[3]    ; out[6]      ; 12.461 ; 12.461 ; 12.461 ; 12.461 ;
; in_1[3]    ; out[7]      ; 14.232 ; 14.232 ; 14.232 ; 14.232 ;
; in_1[4]    ; Cout        ; 11.116 ;        ;        ; 11.116 ;
; in_1[4]    ; out[4]      ; 10.689 ; 10.689 ; 10.689 ; 10.689 ;
; in_1[4]    ; out[5]      ; 11.402 ; 11.402 ; 11.402 ; 11.402 ;
; in_1[4]    ; out[6]      ; 10.802 ; 10.802 ; 10.802 ; 10.802 ;
; in_1[4]    ; out[7]      ; 12.573 ; 12.573 ; 12.573 ; 12.573 ;
; in_1[5]    ; Cout        ; 10.700 ;        ;        ; 10.700 ;
; in_1[5]    ; out[5]      ; 10.988 ; 10.988 ; 10.988 ; 10.988 ;
; in_1[5]    ; out[6]      ; 10.386 ; 10.386 ; 10.386 ; 10.386 ;
; in_1[5]    ; out[7]      ; 12.157 ; 12.157 ; 12.157 ; 12.157 ;
; in_1[6]    ; Cout        ; 10.062 ;        ;        ; 10.062 ;
; in_1[6]    ; out[6]      ; 9.773  ; 9.773  ; 9.773  ; 9.773  ;
; in_1[6]    ; out[7]      ; 11.519 ; 11.519 ; 11.519 ; 11.519 ;
; in_1[7]    ; Cout        ; 6.066  ;        ;        ; 6.066  ;
; in_1[7]    ; out[7]      ; 7.524  ; 7.524  ; 7.524  ; 7.524  ;
; in_2[0]    ; Cout        ; 14.147 ;        ;        ; 14.147 ;
; in_2[0]    ; out[0]      ; 9.596  ; 9.596  ; 9.596  ; 9.596  ;
; in_2[0]    ; out[1]      ; 9.214  ; 9.214  ; 9.214  ; 9.214  ;
; in_2[0]    ; out[2]      ; 10.012 ; 10.012 ; 10.012 ; 10.012 ;
; in_2[0]    ; out[3]      ; 10.729 ; 10.729 ; 10.729 ; 10.729 ;
; in_2[0]    ; out[4]      ; 13.691 ; 13.691 ; 13.691 ; 13.691 ;
; in_2[0]    ; out[5]      ; 14.433 ; 14.433 ; 14.433 ; 14.433 ;
; in_2[0]    ; out[6]      ; 13.833 ; 13.833 ; 13.833 ; 13.833 ;
; in_2[0]    ; out[7]      ; 15.604 ; 15.604 ; 15.604 ; 15.604 ;
; in_2[1]    ; Cout        ; 13.694 ;        ;        ; 13.694 ;
; in_2[1]    ; out[1]      ; 8.771  ; 8.771  ; 8.771  ; 8.771  ;
; in_2[1]    ; out[2]      ; 9.559  ; 9.559  ; 9.559  ; 9.559  ;
; in_2[1]    ; out[3]      ; 10.276 ; 10.276 ; 10.276 ; 10.276 ;
; in_2[1]    ; out[4]      ; 13.238 ; 13.238 ; 13.238 ; 13.238 ;
; in_2[1]    ; out[5]      ; 13.980 ; 13.980 ; 13.980 ; 13.980 ;
; in_2[1]    ; out[6]      ; 13.380 ; 13.380 ; 13.380 ; 13.380 ;
; in_2[1]    ; out[7]      ; 15.151 ; 15.151 ; 15.151 ; 15.151 ;
; in_2[2]    ; Cout        ; 13.285 ;        ;        ; 13.285 ;
; in_2[2]    ; out[2]      ; 9.151  ; 9.151  ; 9.151  ; 9.151  ;
; in_2[2]    ; out[3]      ; 9.867  ; 9.867  ; 9.867  ; 9.867  ;
; in_2[2]    ; out[4]      ; 12.829 ; 12.829 ; 12.829 ; 12.829 ;
; in_2[2]    ; out[5]      ; 13.571 ; 13.571 ; 13.571 ; 13.571 ;
; in_2[2]    ; out[6]      ; 12.971 ; 12.971 ; 12.971 ; 12.971 ;
; in_2[2]    ; out[7]      ; 14.742 ; 14.742 ; 14.742 ; 14.742 ;
; in_2[3]    ; Cout        ; 12.502 ;        ;        ; 12.502 ;
; in_2[3]    ; out[3]      ; 9.087  ; 9.087  ; 9.087  ; 9.087  ;
; in_2[3]    ; out[4]      ; 12.046 ; 12.046 ; 12.046 ; 12.046 ;
; in_2[3]    ; out[5]      ; 12.788 ; 12.788 ; 12.788 ; 12.788 ;
; in_2[3]    ; out[6]      ; 12.188 ; 12.188 ; 12.188 ; 12.188 ;
; in_2[3]    ; out[7]      ; 13.959 ; 13.959 ; 13.959 ; 13.959 ;
; in_2[4]    ; Cout        ; 10.996 ;        ;        ; 10.996 ;
; in_2[4]    ; out[4]      ; 10.548 ; 10.548 ; 10.548 ; 10.548 ;
; in_2[4]    ; out[5]      ; 11.282 ; 11.282 ; 11.282 ; 11.282 ;
; in_2[4]    ; out[6]      ; 10.682 ; 10.682 ; 10.682 ; 10.682 ;
; in_2[4]    ; out[7]      ; 12.453 ; 12.453 ; 12.453 ; 12.453 ;
; in_2[5]    ; Cout        ; 7.326  ;        ;        ; 7.326  ;
; in_2[5]    ; out[5]      ; 7.615  ; 7.615  ; 7.615  ; 7.615  ;
; in_2[5]    ; out[6]      ; 7.012  ; 7.012  ; 7.012  ; 7.012  ;
; in_2[5]    ; out[7]      ; 8.783  ; 8.783  ; 8.783  ; 8.783  ;
; in_2[6]    ; Cout        ; 10.070 ;        ;        ; 10.070 ;
; in_2[6]    ; out[6]      ; 9.760  ; 9.760  ; 9.760  ; 9.760  ;
; in_2[6]    ; out[7]      ; 11.527 ; 11.527 ; 11.527 ; 11.527 ;
; in_2[7]    ; Cout        ; 6.091  ;        ;        ; 6.091  ;
; in_2[7]    ; out[7]      ; 7.549  ; 7.549  ; 7.549  ; 7.549  ;
+------------+-------------+--------+--------+--------+--------+


+----------------------------------------------------------+
; Minimum Progagation Delay                                ;
+------------+-------------+-------+-------+-------+-------+
; Input Port ; Output Port ; RR    ; RF    ; FR    ; FF    ;
+------------+-------------+-------+-------+-------+-------+
; A[0]       ; AeqB        ; 6.202 ; 6.202 ; 6.202 ; 6.202 ;
; A[1]       ; AeqB        ; 6.221 ; 6.221 ; 6.221 ; 6.221 ;
; A[2]       ; AeqB        ; 6.089 ; 6.089 ; 6.089 ; 6.089 ;
; A[3]       ; AeqB        ; 5.984 ; 5.984 ; 5.984 ; 5.984 ;
; A[4]       ; AeqB        ; 6.049 ; 6.049 ; 6.049 ; 6.049 ;
; A[5]       ; AeqB        ; 5.877 ; 5.877 ; 5.877 ; 5.877 ;
; A[6]       ; AeqB        ; 6.182 ; 6.182 ; 6.182 ; 6.182 ;
; Ain[0]     ; Amod13[0]   ; 6.862 ; 6.862 ; 6.862 ; 6.862 ;
; Ain[0]     ; Amod13[1]   ; 6.487 ; 6.487 ; 6.487 ; 6.487 ;
; Ain[0]     ; Amod13[2]   ; 5.855 ; 5.855 ; 5.855 ; 5.855 ;
; Ain[0]     ; Amod13[3]   ; 5.874 ; 5.874 ; 5.874 ; 5.874 ;
; Ain[0]     ; Amod13[4]   ; 6.018 ; 6.018 ; 6.018 ; 6.018 ;
; Ain[0]     ; Amod13[5]   ; 6.180 ; 6.180 ; 6.180 ; 6.180 ;
; Ain[0]     ; Amod13[6]   ; 6.357 ; 6.357 ; 6.357 ; 6.357 ;
; Ain[1]     ; Amod13[0]   ; 6.664 ; 6.664 ; 6.664 ; 6.664 ;
; Ain[1]     ; Amod13[1]   ; 6.289 ; 6.289 ; 6.289 ; 6.289 ;
; Ain[1]     ; Amod13[2]   ; 6.769 ; 6.769 ; 6.769 ; 6.769 ;
; Ain[1]     ; Amod13[3]   ; 5.747 ; 5.747 ; 5.747 ; 5.747 ;
; Ain[1]     ; Amod13[4]   ; 5.897 ; 5.897 ; 5.897 ; 5.897 ;
; Ain[1]     ; Amod13[5]   ; 6.059 ; 6.059 ; 6.059 ; 6.059 ;
; Ain[1]     ; Amod13[6]   ; 6.236 ; 6.236 ; 6.236 ; 6.236 ;
; Ain[1]     ; Amod13[7]   ; 5.865 ;       ;       ; 5.865 ;
; Ain[2]     ; Amod13[0]   ; 6.323 ; 6.323 ; 6.323 ; 6.323 ;
; Ain[2]     ; Amod13[1]   ; 5.948 ; 5.948 ; 5.948 ; 5.948 ;
; Ain[2]     ; Amod13[2]   ; 6.428 ; 6.428 ; 6.428 ; 6.428 ;
; Ain[2]     ; Amod13[3]   ; 6.474 ; 6.474 ; 6.474 ; 6.474 ;
; Ain[2]     ; Amod13[4]   ; 5.734 ; 5.734 ; 5.734 ; 5.734 ;
; Ain[2]     ; Amod13[5]   ; 5.894 ; 5.894 ; 5.894 ; 5.894 ;
; Ain[2]     ; Amod13[6]   ; 6.071 ; 6.071 ; 6.071 ; 6.071 ;
; Ain[2]     ; Amod13[7]   ; 5.844 ;       ;       ; 5.844 ;
; Ain[3]     ; Amod13[0]   ; 6.234 ; 6.234 ; 6.234 ; 6.234 ;
; Ain[3]     ; Amod13[1]   ; 5.859 ; 5.859 ; 5.859 ; 5.859 ;
; Ain[3]     ; Amod13[2]   ; 6.556 ; 6.556 ; 6.556 ; 6.556 ;
; Ain[3]     ; Amod13[3]   ; 6.174 ; 6.174 ; 6.174 ; 6.174 ;
; Ain[3]     ; Amod13[4]   ; 6.278 ; 6.278 ; 6.278 ; 6.278 ;
; Ain[3]     ; Amod13[5]   ; 5.756 ; 5.756 ; 5.756 ; 5.756 ;
; Ain[3]     ; Amod13[6]   ; 5.933 ; 5.933 ; 5.933 ; 5.933 ;
; Ain[3]     ; Amod13[7]   ; 5.983 ;       ;       ; 5.983 ;
; Ain[4]     ; Amod13[0]   ; 5.881 ; 5.881 ; 5.881 ; 5.881 ;
; Ain[4]     ; Amod13[1]   ; 5.505 ; 5.505 ; 5.505 ; 5.505 ;
; Ain[4]     ; Amod13[2]   ; 5.712 ; 5.712 ; 5.712 ; 5.712 ;
; Ain[4]     ; Amod13[3]   ; 5.976 ; 5.976 ; 5.976 ; 5.976 ;
; Ain[4]     ; Amod13[4]   ; 6.068 ; 6.068 ; 6.068 ; 6.068 ;
; Ain[4]     ; Amod13[5]   ; 5.815 ; 5.815 ; 5.815 ; 5.815 ;
; Ain[4]     ; Amod13[6]   ; 5.529 ; 5.529 ; 5.529 ; 5.529 ;
; Ain[4]     ; Amod13[7]   ; 5.628 ;       ;       ; 5.628 ;
; Ain[5]     ; Amod13[0]   ; 3.628 ; 3.628 ; 3.628 ; 3.628 ;
; Ain[5]     ; Amod13[1]   ; 3.252 ; 3.252 ; 3.252 ; 3.252 ;
; Ain[5]     ; Amod13[2]   ; 3.383 ; 3.383 ; 3.383 ; 3.383 ;
; Ain[5]     ; Amod13[3]   ; 3.648 ; 3.648 ; 3.648 ; 3.648 ;
; Ain[5]     ; Amod13[4]   ; 3.746 ; 3.746 ; 3.746 ; 3.746 ;
; Ain[5]     ; Amod13[5]   ; 3.517 ; 3.517 ; 3.517 ; 3.517 ;
; Ain[5]     ; Amod13[6]   ; 3.445 ; 3.445 ; 3.445 ; 3.445 ;
; Ain[5]     ; Amod13[7]   ; 3.379 ;       ;       ; 3.379 ;
; B[0]       ; AeqB        ; 6.185 ; 6.185 ; 6.185 ; 6.185 ;
; B[1]       ; AeqB        ; 6.184 ; 6.184 ; 6.184 ; 6.184 ;
; B[2]       ; AeqB        ; 6.181 ; 6.181 ; 6.181 ; 6.181 ;
; B[3]       ; AeqB        ; 6.159 ; 6.159 ; 6.159 ; 6.159 ;
; B[4]       ; AeqB        ; 6.028 ; 6.028 ; 6.028 ; 6.028 ;
; B[5]       ; AeqB        ; 6.013 ; 6.013 ; 6.013 ; 6.013 ;
; B[6]       ; AeqB        ; 6.440 ; 6.440 ; 6.440 ; 6.440 ;
; in_1[0]    ; Cout        ; 7.437 ;       ;       ; 7.437 ;
; in_1[0]    ; out[0]      ; 5.321 ; 5.321 ; 5.321 ; 5.321 ;
; in_1[0]    ; out[1]      ; 5.266 ; 5.266 ; 5.266 ; 5.266 ;
; in_1[0]    ; out[2]      ; 5.563 ; 5.563 ; 5.563 ; 5.563 ;
; in_1[0]    ; out[3]      ; 5.914 ; 5.914 ; 5.914 ; 5.914 ;
; in_1[0]    ; out[4]      ; 7.284 ; 7.284 ; 7.284 ; 7.284 ;
; in_1[0]    ; out[5]      ; 7.615 ; 7.615 ; 7.615 ; 7.615 ;
; in_1[0]    ; out[6]      ; 7.315 ; 7.315 ; 7.315 ; 7.315 ;
; in_1[0]    ; out[7]      ; 8.110 ; 8.110 ; 8.110 ; 8.110 ;
; in_1[1]    ; Cout        ; 7.444 ;       ;       ; 7.444 ;
; in_1[1]    ; out[1]      ; 5.283 ; 5.283 ; 5.283 ; 5.283 ;
; in_1[1]    ; out[2]      ; 5.570 ; 5.570 ; 5.570 ; 5.570 ;
; in_1[1]    ; out[3]      ; 5.921 ; 5.921 ; 5.921 ; 5.921 ;
; in_1[1]    ; out[4]      ; 7.291 ; 7.291 ; 7.291 ; 7.291 ;
; in_1[1]    ; out[5]      ; 7.622 ; 7.622 ; 7.622 ; 7.622 ;
; in_1[1]    ; out[6]      ; 7.322 ; 7.322 ; 7.322 ; 7.322 ;
; in_1[1]    ; out[7]      ; 8.117 ; 8.117 ; 8.117 ; 8.117 ;
; in_1[2]    ; Cout        ; 7.077 ;       ;       ; 7.077 ;
; in_1[2]    ; out[2]      ; 5.207 ; 5.207 ; 5.207 ; 5.207 ;
; in_1[2]    ; out[3]      ; 5.554 ; 5.554 ; 5.554 ; 5.554 ;
; in_1[2]    ; out[4]      ; 6.924 ; 6.924 ; 6.924 ; 6.924 ;
; in_1[2]    ; out[5]      ; 7.255 ; 7.255 ; 7.255 ; 7.255 ;
; in_1[2]    ; out[6]      ; 6.955 ; 6.955 ; 6.955 ; 6.955 ;
; in_1[2]    ; out[7]      ; 7.750 ; 7.750 ; 7.750 ; 7.750 ;
; in_1[3]    ; Cout        ; 6.779 ;       ;       ; 6.779 ;
; in_1[3]    ; out[3]      ; 5.258 ; 5.258 ; 5.258 ; 5.258 ;
; in_1[3]    ; out[4]      ; 6.626 ; 6.626 ; 6.626 ; 6.626 ;
; in_1[3]    ; out[5]      ; 6.957 ; 6.957 ; 6.957 ; 6.957 ;
; in_1[3]    ; out[6]      ; 6.657 ; 6.657 ; 6.657 ; 6.657 ;
; in_1[3]    ; out[7]      ; 7.452 ; 7.452 ; 7.452 ; 7.452 ;
; in_1[4]    ; Cout        ; 5.902 ;       ;       ; 5.902 ;
; in_1[4]    ; out[4]      ; 5.866 ; 5.866 ; 5.866 ; 5.866 ;
; in_1[4]    ; out[5]      ; 6.080 ; 6.080 ; 6.080 ; 6.080 ;
; in_1[4]    ; out[6]      ; 5.780 ; 5.780 ; 5.780 ; 5.780 ;
; in_1[4]    ; out[7]      ; 6.575 ; 6.575 ; 6.575 ; 6.575 ;
; in_1[5]    ; Cout        ; 5.818 ;       ;       ; 5.818 ;
; in_1[5]    ; out[5]      ; 5.992 ; 5.992 ; 5.992 ; 5.992 ;
; in_1[5]    ; out[6]      ; 5.696 ; 5.696 ; 5.696 ; 5.696 ;
; in_1[5]    ; out[7]      ; 6.491 ; 6.491 ; 6.491 ; 6.491 ;
; in_1[6]    ; Cout        ; 5.517 ;       ;       ; 5.517 ;
; in_1[6]    ; out[6]      ; 5.443 ; 5.443 ; 5.443 ; 5.443 ;
; in_1[6]    ; out[7]      ; 6.195 ; 6.195 ; 6.195 ; 6.195 ;
; in_1[7]    ; Cout        ; 3.136 ;       ;       ; 3.136 ;
; in_1[7]    ; out[7]      ; 3.811 ; 3.811 ; 3.811 ; 3.811 ;
; in_2[0]    ; Cout        ; 7.357 ;       ;       ; 7.357 ;
; in_2[0]    ; out[0]      ; 5.360 ; 5.360 ; 5.360 ; 5.360 ;
; in_2[0]    ; out[1]      ; 5.187 ; 5.187 ; 5.187 ; 5.187 ;
; in_2[0]    ; out[2]      ; 5.483 ; 5.483 ; 5.483 ; 5.483 ;
; in_2[0]    ; out[3]      ; 5.834 ; 5.834 ; 5.834 ; 5.834 ;
; in_2[0]    ; out[4]      ; 7.204 ; 7.204 ; 7.204 ; 7.204 ;
; in_2[0]    ; out[5]      ; 7.535 ; 7.535 ; 7.535 ; 7.535 ;
; in_2[0]    ; out[6]      ; 7.235 ; 7.235 ; 7.235 ; 7.235 ;
; in_2[0]    ; out[7]      ; 8.030 ; 8.030 ; 8.030 ; 8.030 ;
; in_2[1]    ; Cout        ; 7.180 ;       ;       ; 7.180 ;
; in_2[1]    ; out[1]      ; 5.020 ; 5.020 ; 5.020 ; 5.020 ;
; in_2[1]    ; out[2]      ; 5.306 ; 5.306 ; 5.306 ; 5.306 ;
; in_2[1]    ; out[3]      ; 5.657 ; 5.657 ; 5.657 ; 5.657 ;
; in_2[1]    ; out[4]      ; 7.027 ; 7.027 ; 7.027 ; 7.027 ;
; in_2[1]    ; out[5]      ; 7.358 ; 7.358 ; 7.358 ; 7.358 ;
; in_2[1]    ; out[6]      ; 7.058 ; 7.058 ; 7.058 ; 7.058 ;
; in_2[1]    ; out[7]      ; 7.853 ; 7.853 ; 7.853 ; 7.853 ;
; in_2[2]    ; Cout        ; 6.996 ;       ;       ; 6.996 ;
; in_2[2]    ; out[2]      ; 5.138 ; 5.138 ; 5.138 ; 5.138 ;
; in_2[2]    ; out[3]      ; 5.471 ; 5.471 ; 5.471 ; 5.471 ;
; in_2[2]    ; out[4]      ; 6.843 ; 6.843 ; 6.843 ; 6.843 ;
; in_2[2]    ; out[5]      ; 7.174 ; 7.174 ; 7.174 ; 7.174 ;
; in_2[2]    ; out[6]      ; 6.874 ; 6.874 ; 6.874 ; 6.874 ;
; in_2[2]    ; out[7]      ; 7.669 ; 7.669 ; 7.669 ; 7.669 ;
; in_2[3]    ; Cout        ; 6.670 ;       ;       ; 6.670 ;
; in_2[3]    ; out[3]      ; 5.148 ; 5.148 ; 5.148 ; 5.148 ;
; in_2[3]    ; out[4]      ; 6.517 ; 6.517 ; 6.517 ; 6.517 ;
; in_2[3]    ; out[5]      ; 6.848 ; 6.848 ; 6.848 ; 6.848 ;
; in_2[3]    ; out[6]      ; 6.548 ; 6.548 ; 6.548 ; 6.548 ;
; in_2[3]    ; out[7]      ; 7.343 ; 7.343 ; 7.343 ; 7.343 ;
; in_2[4]    ; Cout        ; 5.852 ;       ;       ; 5.852 ;
; in_2[4]    ; out[4]      ; 5.796 ; 5.796 ; 5.796 ; 5.796 ;
; in_2[4]    ; out[5]      ; 6.030 ; 6.030 ; 6.030 ; 6.030 ;
; in_2[4]    ; out[6]      ; 5.730 ; 5.730 ; 5.730 ; 5.730 ;
; in_2[4]    ; out[7]      ; 6.525 ; 6.525 ; 6.525 ; 6.525 ;
; in_2[5]    ; Cout        ; 3.684 ;       ;       ; 3.684 ;
; in_2[5]    ; out[5]      ; 3.862 ; 3.862 ; 3.862 ; 3.862 ;
; in_2[5]    ; out[6]      ; 3.562 ; 3.562 ; 3.562 ; 3.562 ;
; in_2[5]    ; out[7]      ; 4.357 ; 4.357 ; 4.357 ; 4.357 ;
; in_2[6]    ; Cout        ; 5.555 ;       ;       ; 5.555 ;
; in_2[6]    ; out[6]      ; 5.459 ; 5.459 ; 5.459 ; 5.459 ;
; in_2[6]    ; out[7]      ; 6.233 ; 6.233 ; 6.233 ; 6.233 ;
; in_2[7]    ; Cout        ; 3.159 ;       ;       ; 3.159 ;
; in_2[7]    ; out[7]      ; 3.832 ; 3.832 ; 3.832 ; 3.832 ;
+------------+-------------+-------+-------+-------+-------+


-------------------
; Clock Transfers ;
-------------------
Nothing to report.


---------------
; Report TCCS ;
---------------
No dedicated SERDES Transmitter circuitry present in device or used in design


---------------
; Report RSKM ;
---------------
No dedicated SERDES Receiver circuitry present in device or used in design


+------------------------------------------------+
; Unconstrained Paths                            ;
+---------------------------------+-------+------+
; Property                        ; Setup ; Hold ;
+---------------------------------+-------+------+
; Illegal Clocks                  ; 0     ; 0    ;
; Unconstrained Clocks            ; 0     ; 0    ;
; Unconstrained Input Ports       ; 36    ; 36   ;
; Unconstrained Input Port Paths  ; 149   ; 149  ;
; Unconstrained Output Ports      ; 18    ; 18   ;
; Unconstrained Output Port Paths ; 149   ; 149  ;
+---------------------------------+-------+------+


+------------------------------------+
; TimeQuest Timing Analyzer Messages ;
+------------------------------------+
Info: *******************************************************************
Info: Running Quartus II 64-Bit TimeQuest Timing Analyzer
    Info: Version 13.0.1 Build 232 06/12/2013 Service Pack 1 SJ Web Edition
    Info: Processing started: Tue Sep 26 10:07:03 2017
Info: Command: quartus_sta g21_lab1 -c g21_lab1
Info: qsta_default_script.tcl version: #1
Warning (20028): Parallel compilation is not licensed and has been disabled
Critical Warning (332012): Synopsys Design Constraints File file not found: 'g21_lab1.sdc'. A Synopsys Design Constraints File is required by the TimeQuest Timing Analyzer to get proper timing constraints. Without it, the Compiler will not properly optimize the design.
Info (332142): No user constrained base clocks found in the design. Calling "derive_clocks -period 1.0"
Info (332096): The command derive_clocks did not find any clocks to derive.  No clocks were created or changed.
Warning (332068): No clocks defined in design.
Info: Found TIMEQUEST_REPORT_SCRIPT_INCLUDE_DEFAULT_ANALYSIS = ON
Info (332159): No clocks to report
Info: Analyzing Slow Model
Info (332140): No fmax paths to report
Info (332140): No Setup paths to report
Info (332140): No Hold paths to report
Info (332140): No Recovery paths to report
Info (332140): No Removal paths to report
Info (332140): No Minimum Pulse Width paths to report
Info (332001): The selected device family is not supported by the report_metastability command.
Info: Analyzing Fast Model
Info (332142): No user constrained base clocks found in the design. Calling "derive_clocks -period 1.0"
Info (332096): The command derive_clocks did not find any clocks to derive.  No clocks were created or changed.
Warning (332068): No clocks defined in design.
Info (332140): No Setup paths to report
Info (332140): No Hold paths to report
Info (332140): No Recovery paths to report
Info (332140): No Removal paths to report
Info (332140): No Minimum Pulse Width paths to report
Info (332001): The selected device family is not supported by the report_metastability command.
Info (332102): Design is not fully constrained for setup requirements
Info (332102): Design is not fully constrained for hold requirements
Info: Quartus II 64-Bit TimeQuest Timing Analyzer was successful. 0 errors, 4 warnings
    Info: Peak virtual memory: 434 megabytes
    Info: Processing ended: Tue Sep 26 10:07:05 2017
    Info: Elapsed time: 00:00:02
    Info: Total CPU time (on all processors): 00:00:01


