Flow report for g21_Lab_4_tryagain
Tue Nov 21 22:41:02 2017
Quartus II 64-Bit Version 13.0.1 Build 232 06/12/2013 Service Pack 1 SJ Web Edition


---------------------
; Table of Contents ;
---------------------
  1. Legal Notice
  2. Flow Summary
  3. Flow Settings
  4. Flow Non-Default Global Settings
  5. Flow Elapsed Time
  6. Flow OS Summary
  7. Flow Log
  8. Flow Messages
  9. Flow Suppressed Messages



----------------
; Legal Notice ;
----------------
Copyright (C) 1991-2013 Altera Corporation
Your use of Altera Corporation's design tools, logic functions 
and other software and tools, and its AMPP partner logic 
functions, and any output files from any of the foregoing 
(including device programming or simulation files), and any 
associated documentation or information are expressly subject 
to the terms and conditions of the Altera Program License 
Subscription Agreement, Altera MegaCore Function License 
Agreement, or other applicable license agreement, including, 
without limitation, that your use is for the sole purpose of 
programming logic devices manufactured by Altera and sold by 
Altera or its authorized distributors.  Please refer to the 
applicable agreement for further details.



+--------------------------------------------------------------------------------------+
; Flow Summary                                                                         ;
+------------------------------------+-------------------------------------------------+
; Flow Status                        ; Successful - Tue Nov 21 22:41:02 2017           ;
; Quartus II 64-Bit Version          ; 13.0.1 Build 232 06/12/2013 SP 1 SJ Web Edition ;
; Revision Name                      ; g21_Lab_4_tryagain                              ;
; Top-level Entity Name              ; g21_rules_2_again                               ;
; Family                             ; Cyclone II                                      ;
; Total logic elements               ; 50 / 4,608 ( 1 % )                              ;
;     Total combinational functions  ; 50 / 4,608 ( 1 % )                              ;
;     Dedicated logic registers      ; 0 / 4,608 ( 0 % )                               ;
; Total registers                    ; 0                                               ;
; Total pins                         ; 19 / 89 ( 21 % )                                ;
; Total virtual pins                 ; 0                                               ;
; Total memory bits                  ; 0 / 119,808 ( 0 % )                             ;
; Embedded Multiplier 9-bit elements ; 0 / 26 ( 0 % )                                  ;
; Total PLLs                         ; 0 / 2 ( 0 % )                                   ;
; Device                             ; EP2C5T144C6                                     ;
; Timing Models                      ; Final                                           ;
+------------------------------------+-------------------------------------------------+


+-----------------------------------------+
; Flow Settings                           ;
+-------------------+---------------------+
; Option            ; Setting             ;
+-------------------+---------------------+
; Start date & time ; 11/21/2017 22:40:02 ;
; Main task         ; Compilation         ;
; Revision Name     ; g21_Lab_4_tryagain  ;
+-------------------+---------------------+


+---------------------------------------------------------------------------------------------------------------------------------+
; Flow Non-Default Global Settings                                                                                                ;
+-------------------------------------+---------------------------------+--------------------+-------------------+----------------+
; Assignment Name                     ; Value                           ; Default Value      ; Entity Name       ; Section Id     ;
+-------------------------------------+---------------------------------+--------------------+-------------------+----------------+
; COMPILER_SIGNATURE_ID               ; 150461128418019.151132200101568 ; --                 ; --                ; --             ;
; EDA_GENERATE_FUNCTIONAL_NETLIST     ; On                              ; --                 ; --                ; eda_simulation ;
; EDA_OUTPUT_DATA_FORMAT              ; Verilog Hdl                     ; --                 ; --                ; eda_simulation ;
; EDA_SIMULATION_TOOL                 ; ModelSim-Altera (Verilog)       ; <None>             ; --                ; --             ;
; PARTITION_COLOR                     ; 16764057                        ; --                 ; g21_rules_2_again ; Top            ;
; PARTITION_FITTER_PRESERVATION_LEVEL ; PLACEMENT_AND_ROUTING           ; --                 ; g21_rules_2_again ; Top            ;
; PARTITION_NETLIST_TYPE              ; SOURCE                          ; --                 ; g21_rules_2_again ; Top            ;
; PROJECT_OUTPUT_DIRECTORY            ; output_files                    ; --                 ; --                ; --             ;
; TOP_LEVEL_ENTITY                    ; g21_rules_2_again               ; g21_Lab_4_tryagain ; --                ; --             ;
+-------------------------------------+---------------------------------+--------------------+-------------------+----------------+


+-------------------------------------------------------------------------------------------------------------------------------+
; Flow Elapsed Time                                                                                                             ;
+---------------------------+--------------+-------------------------+---------------------+------------------------------------+
; Module Name               ; Elapsed Time ; Average Processors Used ; Peak Virtual Memory ; Total CPU Time (on all processors) ;
+---------------------------+--------------+-------------------------+---------------------+------------------------------------+
; Analysis & Synthesis      ; 00:00:02     ; 1.0                     ; 561 MB              ; 00:00:02                           ;
; Fitter                    ; 00:00:05     ; 1.0                     ; 724 MB              ; 00:00:04                           ;
; Assembler                 ; 00:00:01     ; 1.0                     ; 463 MB              ; 00:00:01                           ;
; TimeQuest Timing Analyzer ; 00:00:02     ; 1.0                     ; 457 MB              ; 00:00:01                           ;
; EDA Netlist Writer        ; 00:00:01     ; 1.0                     ; 434 MB              ; 00:00:01                           ;
; EDA Netlist Writer        ; 00:00:01     ; 1.0                     ; 441 MB              ; 00:00:01                           ;
; EDA Netlist Writer        ; 00:00:01     ; 1.0                     ; 441 MB              ; 00:00:01                           ;
; Total                     ; 00:00:13     ; --                      ; --                  ; 00:00:11                           ;
+---------------------------+--------------+-------------------------+---------------------+------------------------------------+


+----------------------------------------------------------------------------------------+
; Flow OS Summary                                                                        ;
+---------------------------+------------------+-----------+------------+----------------+
; Module Name               ; Machine Hostname ; OS Name   ; OS Version ; Processor type ;
+---------------------------+------------------+-----------+------------+----------------+
; Analysis & Synthesis      ; DESKTOP-MAN9RJG  ; Windows 7 ; 6.2        ; x86_64         ;
; Fitter                    ; DESKTOP-MAN9RJG  ; Windows 7 ; 6.2        ; x86_64         ;
; Assembler                 ; DESKTOP-MAN9RJG  ; Windows 7 ; 6.2        ; x86_64         ;
; TimeQuest Timing Analyzer ; DESKTOP-MAN9RJG  ; Windows 7 ; 6.2        ; x86_64         ;
; EDA Netlist Writer        ; DESKTOP-MAN9RJG  ; Windows 7 ; 6.2        ; x86_64         ;
; EDA Netlist Writer        ; DESKTOP-MAN9RJG  ; Windows 7 ; 6.2        ; x86_64         ;
; EDA Netlist Writer        ; DESKTOP-MAN9RJG  ; Windows 7 ; 6.2        ; x86_64         ;
+---------------------------+------------------+-----------+------------+----------------+


------------
; Flow Log ;
------------
quartus_map --read_settings_files=on --write_settings_files=off g21_Lab_4_tryagain -c g21_Lab_4_tryagain
quartus_fit --read_settings_files=off --write_settings_files=off g21_Lab_4_tryagain -c g21_Lab_4_tryagain
quartus_asm --read_settings_files=off --write_settings_files=off g21_Lab_4_tryagain -c g21_Lab_4_tryagain
quartus_sta g21_Lab_4_tryagain -c g21_Lab_4_tryagain
quartus_eda --read_settings_files=off --write_settings_files=off g21_Lab_4_tryagain -c g21_Lab_4_tryagain
quartus_eda --gen_testbench --check_outputs=on --tool=modelsim_oem --format=verilog g21_Lab_4_tryagain -c g21_Lab_4_tryagain --vector_source="C:/Users/bitta/Documents/GitHub/DSD/Lab 4_trial/g21_rules_2_again_sim.vwf" --testbench_file=./simulation/qsim/g21_Lab_4_tryagain.vt
quartus_eda --functional=off --timescale=1ps --simulation=on --tool=modelsim_oem --format=verilog g21_Lab_4_tryagain -c g21_Lab_4_tryagain



